<?xml version="1.0" encoding="UTF-8"?>
<!-- Generated by org.testng.reporters.JUnitXMLReporter -->
<testsuite ignored="1" hostname="DESKTOP-7IL72ML" failures="1" tests="4" name="Compex_TestsList" time="68.678" errors="0" timestamp="2021-11-12T15:37:07 IST">
  <testcase classname="autoFW.TESTS.Setup" name="Init" time="1.218"/>
  <testcase classname="autoFW.TESTS.Compex_tests" name="LoginAsSuperUser" time="26.19"/>
  <testcase classname="autoFW.TESTS.Compex_tests" name="SearchOrder" time="41.106">
    <failure type="autoFW.exceptions.ElementNotLocatedOnUIException" message="Element with xpath: &amp;quot;//li[@title=&amp;apos;Order#&amp;apos;]&amp;quot; not found on UI!">
      <![CDATA[autoFW.exceptions.ElementNotLocatedOnUIException: Element with xpath: "//li[@title='Order#']" not found on UI!
at autoFW.objects.ObjectUtilities.clickElement(ObjectUtilities.java:136)
at autoFW.objects.ObjectUtilities.clickElement(ObjectUtilities.java:114)
at autoFW.autfns.AUTFunctions.SearchOrder(AUTFunctions.java:434)
at autoFW.TESTS.Compex_tests.SearchOrder(Compex_tests.java:54)
at java.base/java.util.ArrayList.forEach(ArrayList.java:1511)
... Removed 27 stack frames]]>
    </failure>
  </testcase> <!-- SearchOrder -->
  <testcase classname="autoFW.TESTS.Cleanup" name="CleanupTest" time="0.138"/>
  <testcase classname="autoFW.TESTS.Compex_tests" name="MID_Test01" time="0.0">
    <ignored/>
  </testcase> <!-- MID_Test01 -->
</testsuite> <!-- Compex_TestsList -->
