<?xml version="1.0" encoding="UTF-8"?>
<testsuite xmlns:xsi="http://www.w3.org/2001/XMLSchema-instance" xsi:noNamespaceSchemaLocation="https://maven.apache.org/surefire/maven-surefire-plugin/xsd/surefire-test-report-3.0.xsd" version="3.0" name="TestSuite" time="22.715" tests="20" errors="0" skipped="0" failures="20">
  <properties>
[...]
</properties>
  <testcase name="Init" classname="autoFW.TESTS.Setup" time="8.391">
    <failure message="Could not start a new session. Response code 500. Message: session not created: This version of ChromeDriver only supports Chrome version 108&#10;Current browser version is 116.0.5845.96 with binary path C:\Program Files\Google\Chrome\Application\chrome.exe&#10;Build info: version: &apos;4.0.0&apos;, revision: &apos;3a21814679&apos;&#10;System info: host: &apos;DESKTOP-Q1UB2OV&apos;, ip: &apos;192.168.30.84&apos;, os.name: &apos;Windows 10&apos;, os.arch: &apos;amd64&apos;, os.version: &apos;10.0&apos;, java.version: &apos;11.0.12&apos;&#10;Driver info: org.openqa.selenium.chrome.ChromeDriver&#10;Command: [null, newSession {capabilities=[Capabilities {browserName: chrome, goog:chromeOptions: {args: [], extensions: [], prefs: {download.default_directory: C:\Users\raghuwansh.shisode...}}}], desiredCapabilities=Capabilities {browserName: chrome, goog:chromeOptions: {args: [], extensions: [], prefs: {download.default_directory: C:\Users\raghuwansh.shisode...}}}}]" type="org.openqa.selenium.SessionNotCreatedException"><![CDATA[org.openqa.selenium.SessionNotCreatedException: 
Could not start a new session. Response code 500. Message: session not created: This version of ChromeDriver only supports Chrome version 108
Current browser version is 116.0.5845.96 with binary path C:\Program Files\Google\Chrome\Application\chrome.exe
Build info: version: '4.0.0', revision: '3a21814679'
System info: host: 'DESKTOP-Q1UB2OV', ip: '192.168.30.84', os.name: 'Windows 10', os.arch: 'amd64', os.version: '10.0', java.version: '11.0.12'
Driver info: org.openqa.selenium.chrome.ChromeDriver
Command: [null, newSession {capabilities=[Capabilities {browserName: chrome, goog:chromeOptions: {args: [], extensions: [], prefs: {download.default_directory: C:\Users\raghuwansh.shisode...}}}], desiredCapabilities=Capabilities {browserName: chrome, goog:chromeOptions: {args: [], extensions: [], prefs: {download.default_directory: C:\Users\raghuwansh.shisode...}}}}]
	at autoFW.TESTS.Setup.Init(Setup.java:36)
]]></failure>
    <system-out><![CDATA[[TestNGContentHandler] [WARN] It is strongly recommended to add "<!DOCTYPE suite SYSTEM "https://testng.org/testng-1.0.dtd" >" at the top of the suite file [C:\Users\raghuwansh.shisode\Desktop\Compex Automation\2023-01-27\Compex\compex\src\test\java\TestNGSuites\testng.xml] otherwise TestNG may fail or not work as expected.
BeforeClassSetup
]]></system-out>
    <system-err><![CDATA[SLF4J: Failed to load class "org.slf4j.impl.StaticLoggerBinder".
SLF4J: Defaulting to no-operation (NOP) logger implementation
SLF4J: See http://www.slf4j.org/codes.html#StaticLoggerBinder for further details.
Starting ChromeDriver 108.0.5359.71 (1e0e3868ee06e91ad636a874420e3ca3ae3756ac-refs/branch-heads/5359@{#1016}) on port 54600
Only local connections are allowed.
Please see https://chromedriver.chromium.org/security-considerations for suggestions on keeping ChromeDriver safe.
ChromeDriver was started successfully.
]]></system-err>
  </testcase>
  <testcase name="VerifyLoginAsCustodian[https://www.cpxlegaltest.com/, TestCusto123, Compex@2017](1)" classname="autoFW.TESTS.Compex_tests" time="0.001">
    <failure type="java.lang.NullPointerException"><![CDATA[java.lang.NullPointerException
	at autoFW.TESTS.Compex_tests.VerifyLoginAsCustodian(Compex_tests.java:47)
]]></failure>
    <system-out><![CDATA[Logging in at url: https://www.cpxlegaltest.com/
Custodian User: TestCusto123
Pwd: Compex@2017

]]></system-out>
  </testcase>
  <testcase name="VerifyLoginAsClientContact[https://www.cpxlegaltest.com/, teresam, Compex@2017](1)" classname="autoFW.TESTS.Compex_tests" time="0">
    <failure type="java.lang.NullPointerException"><![CDATA[java.lang.NullPointerException
	at autoFW.TESTS.Compex_tests.VerifyLoginAsClientContact(Compex_tests.java:122)
]]></failure>
    <system-out><![CDATA[Logging in at url: https://www.cpxlegaltest.com/
User: teresam
Pwd: Compex@2017

]]></system-out>
  </testcase>
  <testcase name="VerifyLoginAsClientManager[https://www.cpxlegaltest.com/, arjoshi, Compex@2017](1)" classname="autoFW.TESTS.Compex_tests" time="0.002">
    <failure type="java.lang.NullPointerException"><![CDATA[java.lang.NullPointerException
	at autoFW.TESTS.Compex_tests.VerifyLoginAsClientManager(Compex_tests.java:94)
]]></failure>
    <system-out><![CDATA[Logging in at url: https://www.cpxlegaltest.com/
User: arjoshi
Pwd: Compex@2017

]]></system-out>
  </testcase>
  <testcase name="VerifyLoginAsSuperUser[https://www.cpxlegaltest.com/, SuperUser, Compex@2017](1)" classname="autoFW.TESTS.Compex_tests" time="0.002">
    <failure type="java.lang.NullPointerException"><![CDATA[java.lang.NullPointerException
	at autoFW.TESTS.Compex_tests.VerifyLoginAsSuperUser(Compex_tests.java:64)
]]></failure>
    <system-out><![CDATA[Logging in at url: https://www.cpxlegaltest.com/
User: SuperUser
Pwd: Compex@2017

]]></system-out>
  </testcase>
  <testcase name="LoginAsSuperUser[https://www.cpxlegaltest.com/, SuperUser, Compex@2017](1)" classname="autoFW.TESTS.Compex_tests" time="0.002">
    <failure type="java.lang.NullPointerException"><![CDATA[java.lang.NullPointerException
	at autoFW.TESTS.Compex_tests.LoginAsSuperUser(Compex_tests.java:56)
]]></failure>
    <system-out><![CDATA[Logging in at url: https://www.cpxlegaltest.com/
User: SuperUser
Pwd: Compex@2017

]]></system-out>
  </testcase>
  <testcase name="SearchByOrderNum1" classname="autoFW.TESTS.Compex_tests" time="0.045">
    <failure message="Input must be set" type="java.lang.IllegalArgumentException"><![CDATA[java.lang.IllegalArgumentException: Input must be set
	at autoFW.TESTS.Compex_tests.SearchByOrderNum1(Compex_tests.java:161)
]]></failure>
    <system-out><![CDATA[Searching for order: CA1094395

Waiting for bigLoader to appear

waitUntilElementIsVisible: For element with xpath "//div[@id='ajaxBusy']"

]]></system-out>
  </testcase>
  <testcase name="SearchByClaimNum" classname="autoFW.TESTS.Compex_tests" time="0.007">
    <failure message="Input must be set" type="java.lang.IllegalArgumentException"><![CDATA[java.lang.IllegalArgumentException: Input must be set
	at autoFW.TESTS.Compex_tests.SearchByClaimNum(Compex_tests.java:173)
]]></failure>
    <system-out><![CDATA[Searching for orders with claim #: 45678

Waiting for bigLoader to appear

waitUntilElementIsVisible: For element with xpath "//div[@id='ajaxBusy']"

]]></system-out>
  </testcase>
  <testcase name="SearchByPlaintiff" classname="autoFW.TESTS.Compex_tests" time="0.005">
    <failure message="Input must be set" type="java.lang.IllegalArgumentException"><![CDATA[java.lang.IllegalArgumentException: Input must be set
	at autoFW.TESTS.Compex_tests.SearchByPlaintiff(Compex_tests.java:179)
]]></failure>
    <system-out><![CDATA[Searching for orders with Plaintiff Name: Test1

Waiting for bigLoader to appear

waitUntilElementIsVisible: For element with xpath "//div[@id='ajaxBusy']"

]]></system-out>
  </testcase>
  <testcase name="SearchBycaseNum" classname="autoFW.TESTS.Compex_tests" time="0.005">
    <failure message="Input must be set" type="java.lang.IllegalArgumentException"><![CDATA[java.lang.IllegalArgumentException: Input must be set
	at autoFW.TESTS.Compex_tests.SearchBycaseNum(Compex_tests.java:185)
]]></failure>
    <system-out><![CDATA[Searching for orders with caseNum : 7777777

Waiting for bigLoader to appear

waitUntilElementIsVisible: For element with xpath "//div[@id='ajaxBusy']"

]]></system-out>
  </testcase>
  <testcase name="SearchBydefendant" classname="autoFW.TESTS.Compex_tests" time="0.006">
    <failure message="Input must be set" type="java.lang.IllegalArgumentException"><![CDATA[java.lang.IllegalArgumentException: Input must be set
	at autoFW.TESTS.Compex_tests.SearchBydefendant(Compex_tests.java:190)
]]></failure>
    <system-out><![CDATA[Searching for orders with Defendant : Robert Crown

Waiting for bigLoader to appear

waitUntilElementIsVisible: For element with xpath "//div[@id='ajaxBusy']"

]]></system-out>
  </testcase>
  <testcase name="SearchByattorney" classname="autoFW.TESTS.Compex_tests" time="0.005">
    <failure message="Input must be set" type="java.lang.IllegalArgumentException"><![CDATA[java.lang.IllegalArgumentException: Input must be set
	at autoFW.TESTS.Compex_tests.SearchByattorney(Compex_tests.java:195)
]]></failure>
    <system-out><![CDATA[Searching for orders with Attorney : Michael Spongeberg (123)

Waiting for bigLoader to appear

waitUntilElementIsVisible: For element with xpath "//div[@id='ajaxBusy']"

]]></system-out>
  </testcase>
  <testcase name="SearchByadjuster" classname="autoFW.TESTS.Compex_tests" time="0.006">
    <failure message="Input must be set" type="java.lang.IllegalArgumentException"><![CDATA[java.lang.IllegalArgumentException: Input must be set
	at autoFW.TESTS.Compex_tests.SearchByadjuster(Compex_tests.java:202)
]]></failure>
    <system-out><![CDATA[Searching for orders with adjuster : Adam Dodge

Waiting for bigLoader to appear

waitUntilElementIsVisible: For element with xpath "//div[@id='ajaxBusy']"

]]></system-out>
  </testcase>
  <testcase name="SearchByFilm" classname="autoFW.TESTS.Compex_tests" time="0.007">
    <failure message="Input must be set" type="java.lang.IllegalArgumentException"><![CDATA[java.lang.IllegalArgumentException: Input must be set
	at autoFW.TESTS.Compex_tests.SearchByFilm(Compex_tests.java:209)
]]></failure>
    <system-out><![CDATA[Searching for order (with Film) : CA1094247 --> 001

Waiting for bigLoader to appear

waitUntilElementIsVisible: For element with xpath "//div[@id='ajaxBusy']"

]]></system-out>
  </testcase>
  <testcase name="AddLocation" classname="autoFW.TESTS.Compex_tests" time="3.011">
    <failure message="Input must be set" type="java.lang.IllegalArgumentException"><![CDATA[java.lang.IllegalArgumentException: Input must be set
	at autoFW.TESTS.Compex_tests.AddLocation(Compex_tests.java:270)
]]></failure>
    <system-out><![CDATA[Waiting for bigLoader to appear

waitUntilElementIsVisible: For element with xpath "//div[@id='ajaxBusy']"

]]></system-out>
  </testcase>
  <testcase name="Cancel_SingleOrderLocation" classname="autoFW.TESTS.Compex_tests" time="3.018">
    <failure message="Input must be set" type="java.lang.IllegalArgumentException"><![CDATA[java.lang.IllegalArgumentException: Input must be set
	at autoFW.TESTS.Compex_tests.Cancel_SingleOrderLocation(Compex_tests.java:252)
]]></failure>
    <system-out><![CDATA[Waiting for bigLoader to appear

waitUntilElementIsVisible: For element with xpath "//div[@id='ajaxBusy']"

]]></system-out>
  </testcase>
  <testcase name="UploadDocument_SingleOrder" classname="autoFW.TESTS.Compex_tests" time="3.018">
    <failure message="Input must be set" type="java.lang.IllegalArgumentException"><![CDATA[java.lang.IllegalArgumentException: Input must be set
	at autoFW.TESTS.Compex_tests.UploadDocument_SingleOrder(Compex_tests.java:240)
]]></failure>
    <system-out><![CDATA[Waiting for bigLoader to appear

waitUntilElementIsVisible: For element with xpath "//div[@id='ajaxBusy']"

]]></system-out>
  </testcase>
  <testcase name="AddComment_SingleOrderLocation" classname="autoFW.TESTS.Compex_tests" time="3.025">
    <failure message="Input must be set" type="java.lang.IllegalArgumentException"><![CDATA[java.lang.IllegalArgumentException: Input must be set
	at autoFW.TESTS.Compex_tests.AddComment_SingleOrderLocation(Compex_tests.java:258)
]]></failure>
    <system-out><![CDATA[Waiting for bigLoader to appear

waitUntilElementIsVisible: For element with xpath "//div[@id='ajaxBusy']"

]]></system-out>
  </testcase>
  <testcase name="Logout" classname="autoFW.TESTS.Compex_tests" time="0.003">
    <failure message="Input must be set" type="java.lang.IllegalArgumentException"><![CDATA[java.lang.IllegalArgumentException: Input must be set
	at autoFW.TESTS.Compex_tests.Logout(Compex_tests.java:130)
]]></failure>
    <system-out><![CDATA[Waiting for bigLoader to appear

waitUntilElementIsVisible: For element with xpath "//div[@id='ajaxBusy']"

]]></system-out>
  </testcase>
  <testcase name="CleanupTest" classname="autoFW.TESTS.Cleanup" time="0.001">
    <failure type="java.lang.NullPointerException"><![CDATA[java.lang.NullPointerException
	at autoFW.TESTS.Cleanup.CleanupTest(Cleanup.java:13)
]]></failure>
  </testcase>
</testsuite>