<?xml version="1.0" encoding="UTF-8"?>
<testng-results ignored="17" total="36" passed="12" failed="7" skipped="0">
  <reporter-output>
    <line>
      <![CDATA[Logging in at url: https://www.cpxlegaltest.com/<br/ >Custodian User: TestCusto123<br/ >Pwd: Compex@2017<br />]]>
    </line>
    <line>
      <![CDATA[Attempting to click..<br />]]>
    </line>
    <line>
      <![CDATA[Waited successfully for element with xpath: "//a[(text()='Login') and (contains(@class, 'subnav-button'))]"<br />]]>
    </line>
    <line>
      <![CDATA[Clicked successfully on WebElement: "//a[(text()='Login') and (contains(@class, 'subnav-button'))]"<br />]]>
    </line>
    <line>
      <![CDATA[Attempting to type..<br />]]>
    </line>
    <line>
      <![CDATA[Waited successfully for element with xpath: "//input[@id='username']"<br />]]>
    </line>
    <line>
      <![CDATA[Typed successfully into WebElement: "//input[@id='username']", content: "TestCusto123"<br />]]>
    </line>
    <line>
      <![CDATA[Attempting to type..<br />]]>
    </line>
    <line>
      <![CDATA[Waited successfully for element with xpath: "//input[@id='password']"<br />]]>
    </line>
    <line>
      <![CDATA[Typed successfully into WebElement: "//input[@id='password']", content: "Compex@2017"<br />]]>
    </line>
    <line>
      <![CDATA[Attempting to click..<br />]]>
    </line>
    <line>
      <![CDATA[Waited successfully for element with xpath: "//button[@id='loginform1-btlogin']"<br />]]>
    </line>
    <line>
      <![CDATA[Clicked successfully on WebElement: "//button[@id='loginform1-btlogin']"<br />]]>
    </line>
    <line>
      <![CDATA[Waiting for smallLoader to appear<br />]]>
    </line>
    <line>
      <![CDATA[waitUntilElementIsVisible: For element with xpath "//div[@class='loading-overlay-wrapper']"<br />]]>
    </line>
    <line>
      <![CDATA[<div style='color:orange'><b>WARNING:</b><br />Expected condition failed: waiting for visibility of element located by By.xpath: //div[@class='loading-overlay-wrapper'] (tried for 3 second(s) with 500 milliseconds interval)
Build info: version: '4.0.0', revision: '3a21814679'
System info: host: 'DESKTOP-Q1UB2OV', ip: '192.168.203.231', os.name: 'Windows 10', os.arch: 'amd64', os.version: '10.0', java.version: '11.0.12'
Driver info: org.openqa.selenium.chrome.ChromeDriver
Capabilities {acceptInsecureCerts: false, browserName: chrome, browserVersion: 109.0.5414.120, chrome: {chromedriverVersion: 108.0.5359.71 (1e0e3868ee06..., userDataDir: C:\Users\RAGHUW~1.SHI\AppDa...}, goog:chromeOptions: {debuggerAddress: localhost:49315}, javascriptEnabled: true, networkConnectionEnabled: false, pageLoadStrategy: normal, platform: WINDOWS, platformName: WINDOWS, proxy: Proxy(), se:cdp: ws://localhost:49315/devtoo..., se:cdpVersion: 109.0.5414.120, setWindowRect: true, strictFileInteractability: false, timeouts: {implicit: 0, pageLoad: 300000, script: 30000}, unhandledPromptBehavior: dismiss and notify, webauthn:extension:credBlob: true, webauthn:extension:largeBlob: true, webauthn:virtualAuthenticators: true}
Session ID: 3698a58abff443ea89a8a936d78a2c46</div><br /><br />]]>
    </line>
    <line>
      <![CDATA[Waiting for smallLoader to disappear<br />]]>
    </line>
    <line>
      <![CDATA[waitUntilElementNotVisible: Element with xpath "//div[@class='loading-overlay-wrapper']" was already invisible.<br />]]>
    </line>
    <line>
      <![CDATA[Waiting for bigLoader to appear<br />]]>
    </line>
    <line>
      <![CDATA[waitUntilElementIsVisible: For element with xpath "//div[@id='ajaxBusy']"<br />]]>
    </line>
    <line>
      <![CDATA[<div style='color:orange'><b>WARNING:</b><br />Expected condition failed: waiting for visibility of element located by By.xpath: //div[@id='ajaxBusy'] (tried for 3 second(s) with 500 milliseconds interval)
Build info: version: '4.0.0', revision: '3a21814679'
System info: host: 'DESKTOP-Q1UB2OV', ip: '192.168.203.231', os.name: 'Windows 10', os.arch: 'amd64', os.version: '10.0', java.version: '11.0.12'
Driver info: org.openqa.selenium.chrome.ChromeDriver
Capabilities {acceptInsecureCerts: false, browserName: chrome, browserVersion: 109.0.5414.120, chrome: {chromedriverVersion: 108.0.5359.71 (1e0e3868ee06..., userDataDir: C:\Users\RAGHUW~1.SHI\AppDa...}, goog:chromeOptions: {debuggerAddress: localhost:49315}, javascriptEnabled: true, networkConnectionEnabled: false, pageLoadStrategy: normal, platform: WINDOWS, platformName: WINDOWS, proxy: Proxy(), se:cdp: ws://localhost:49315/devtoo..., se:cdpVersion: 109.0.5414.120, setWindowRect: true, strictFileInteractability: false, timeouts: {implicit: 0, pageLoad: 300000, script: 30000}, unhandledPromptBehavior: dismiss and notify, webauthn:extension:credBlob: true, webauthn:extension:largeBlob: true, webauthn:virtualAuthenticators: true}
Session ID: 3698a58abff443ea89a8a936d78a2c46</div><br /><br />]]>
    </line>
    <line>
      <![CDATA[Waiting for bigLoader to disappear<br />]]>
    </line>
    <line>
      <![CDATA[waitUntilElementNotVisible: Element with xpath "//div[@id='ajaxBusy']" was already invisible.<br />]]>
    </line>
    <line>
      <![CDATA[Waited successfully for element with xpath: "//a[text()='Logout']"<br />]]>
    </line>
    <line>
      <![CDATA[Logged in successfully.<br />]]>
    </line>
    <line>
      <![CDATA[Waiting for bigLoader to appear<br />]]>
    </line>
    <line>
      <![CDATA[waitUntilElementIsVisible: For element with xpath "//div[@id='ajaxBusy']"<br />]]>
    </line>
    <line>
      <![CDATA[<div style='color:orange'><b>WARNING:</b><br />Expected condition failed: waiting for visibility of element located by By.xpath: //div[@id='ajaxBusy'] (tried for 3 second(s) with 500 milliseconds interval)
Build info: version: '4.0.0', revision: '3a21814679'
System info: host: 'DESKTOP-Q1UB2OV', ip: '192.168.203.231', os.name: 'Windows 10', os.arch: 'amd64', os.version: '10.0', java.version: '11.0.12'
Driver info: org.openqa.selenium.chrome.ChromeDriver
Capabilities {acceptInsecureCerts: false, browserName: chrome, browserVersion: 109.0.5414.120, chrome: {chromedriverVersion: 108.0.5359.71 (1e0e3868ee06..., userDataDir: C:\Users\RAGHUW~1.SHI\AppDa...}, goog:chromeOptions: {debuggerAddress: localhost:49315}, javascriptEnabled: true, networkConnectionEnabled: false, pageLoadStrategy: normal, platform: WINDOWS, platformName: WINDOWS, proxy: Proxy(), se:cdp: ws://localhost:49315/devtoo..., se:cdpVersion: 109.0.5414.120, setWindowRect: true, strictFileInteractability: false, timeouts: {implicit: 0, pageLoad: 300000, script: 30000}, unhandledPromptBehavior: dismiss and notify, webauthn:extension:credBlob: true, webauthn:extension:largeBlob: true, webauthn:virtualAuthenticators: true}
Session ID: 3698a58abff443ea89a8a936d78a2c46</div><br /><br />]]>
    </line>
    <line>
      <![CDATA[Waiting for bigLoader to disappear<br />]]>
    </line>
    <line>
      <![CDATA[waitUntilElementNotVisible: Element with xpath "//div[@id='ajaxBusy']" was already invisible.<br />]]>
    </line>
    <line>
      <![CDATA[Attempting to click..<br />]]>
    </line>
    <line>
      <![CDATA[Waited successfully for element with xpath: "//a[text()='Logout']"<br />]]>
    </line>
    <line>
      <![CDATA[Clicked successfully on WebElement: "//a[text()='Logout']"<br />]]>
    </line>
    <line>
      <![CDATA[Waited successfully for element with xpath: "//a[(text()='Login') and (contains(@class, 'subnav-button'))]"<br />]]>
    </line>
    <line>
      <![CDATA[Logged out successfully.<br />]]>
    </line>
    <line>
      <![CDATA[Logging in at url: https://www.cpxlegaltest.com/<br/ >User: teresam<br/ >Pwd: Compex@2017<br />]]>
    </line>
    <line>
      <![CDATA[Attempting to click..<br />]]>
    </line>
    <line>
      <![CDATA[Waited successfully for element with xpath: "//a[(text()='Login') and (contains(@class, 'subnav-button'))]"<br />]]>
    </line>
    <line>
      <![CDATA[Clicked successfully on WebElement: "//a[(text()='Login') and (contains(@class, 'subnav-button'))]"<br />]]>
    </line>
    <line>
      <![CDATA[Attempting to type..<br />]]>
    </line>
    <line>
      <![CDATA[Waited successfully for element with xpath: "//input[@id='username']"<br />]]>
    </line>
    <line>
      <![CDATA[Typed successfully into WebElement: "//input[@id='username']", content: "teresam"<br />]]>
    </line>
    <line>
      <![CDATA[Attempting to type..<br />]]>
    </line>
    <line>
      <![CDATA[Waited successfully for element with xpath: "//input[@id='password']"<br />]]>
    </line>
    <line>
      <![CDATA[Typed successfully into WebElement: "//input[@id='password']", content: "Compex@2017"<br />]]>
    </line>
    <line>
      <![CDATA[Attempting to click..<br />]]>
    </line>
    <line>
      <![CDATA[Waited successfully for element with xpath: "//button[@id='loginform1-btlogin']"<br />]]>
    </line>
    <line>
      <![CDATA[Clicked successfully on WebElement: "//button[@id='loginform1-btlogin']"<br />]]>
    </line>
    <line>
      <![CDATA[Waiting for smallLoader to appear<br />]]>
    </line>
    <line>
      <![CDATA[waitUntilElementIsVisible: For element with xpath "//div[@class='loading-overlay-wrapper']"<br />]]>
    </line>
    <line>
      <![CDATA[<div style='color:orange'><b>WARNING:</b><br />Expected condition failed: waiting for visibility of element located by By.xpath: //div[@class='loading-overlay-wrapper'] (tried for 3 second(s) with 500 milliseconds interval)
Build info: version: '4.0.0', revision: '3a21814679'
System info: host: 'DESKTOP-Q1UB2OV', ip: '192.168.203.231', os.name: 'Windows 10', os.arch: 'amd64', os.version: '10.0', java.version: '11.0.12'
Driver info: org.openqa.selenium.chrome.ChromeDriver
Capabilities {acceptInsecureCerts: false, browserName: chrome, browserVersion: 109.0.5414.120, chrome: {chromedriverVersion: 108.0.5359.71 (1e0e3868ee06..., userDataDir: C:\Users\RAGHUW~1.SHI\AppDa...}, goog:chromeOptions: {debuggerAddress: localhost:49315}, javascriptEnabled: true, networkConnectionEnabled: false, pageLoadStrategy: normal, platform: WINDOWS, platformName: WINDOWS, proxy: Proxy(), se:cdp: ws://localhost:49315/devtoo..., se:cdpVersion: 109.0.5414.120, setWindowRect: true, strictFileInteractability: false, timeouts: {implicit: 0, pageLoad: 300000, script: 30000}, unhandledPromptBehavior: dismiss and notify, webauthn:extension:credBlob: true, webauthn:extension:largeBlob: true, webauthn:virtualAuthenticators: true}
Session ID: 3698a58abff443ea89a8a936d78a2c46</div><br /><br />]]>
    </line>
    <line>
      <![CDATA[Waiting for smallLoader to disappear<br />]]>
    </line>
    <line>
      <![CDATA[waitUntilElementNotVisible: Element with xpath "//div[@class='loading-overlay-wrapper']" was already invisible.<br />]]>
    </line>
    <line>
      <![CDATA[Waiting for bigLoader to appear<br />]]>
    </line>
    <line>
      <![CDATA[waitUntilElementIsVisible: For element with xpath "//div[@id='ajaxBusy']"<br />]]>
    </line>
    <line>
      <![CDATA[<div style='color:orange'><b>WARNING:</b><br />Expected condition failed: waiting for visibility of element located by By.xpath: //div[@id='ajaxBusy'] (tried for 3 second(s) with 500 milliseconds interval)
Build info: version: '4.0.0', revision: '3a21814679'
System info: host: 'DESKTOP-Q1UB2OV', ip: '192.168.203.231', os.name: 'Windows 10', os.arch: 'amd64', os.version: '10.0', java.version: '11.0.12'
Driver info: org.openqa.selenium.chrome.ChromeDriver
Capabilities {acceptInsecureCerts: false, browserName: chrome, browserVersion: 109.0.5414.120, chrome: {chromedriverVersion: 108.0.5359.71 (1e0e3868ee06..., userDataDir: C:\Users\RAGHUW~1.SHI\AppDa...}, goog:chromeOptions: {debuggerAddress: localhost:49315}, javascriptEnabled: true, networkConnectionEnabled: false, pageLoadStrategy: normal, platform: WINDOWS, platformName: WINDOWS, proxy: Proxy(), se:cdp: ws://localhost:49315/devtoo..., se:cdpVersion: 109.0.5414.120, setWindowRect: true, strictFileInteractability: false, timeouts: {implicit: 0, pageLoad: 300000, script: 30000}, unhandledPromptBehavior: dismiss and notify, webauthn:extension:credBlob: true, webauthn:extension:largeBlob: true, webauthn:virtualAuthenticators: true}
Session ID: 3698a58abff443ea89a8a936d78a2c46</div><br /><br />]]>
    </line>
    <line>
      <![CDATA[Waiting for bigLoader to disappear<br />]]>
    </line>
    <line>
      <![CDATA[waitUntilElementNotVisible: Element with xpath "//div[@id='ajaxBusy']" was already invisible.<br />]]>
    </line>
    <line>
      <![CDATA[Waited successfully for element with xpath: "//a[text()='Logout']"<br />]]>
    </line>
    <line>
      <![CDATA[Logged in successfully.<br />]]>
    </line>
    <line>
      <![CDATA[Waited successfully for element with xpath: "//span[@id='ddcl-searchActType1']//span[text()='My Account']"<br />]]>
    </line>
    <line>
      <![CDATA[<b style='color:blue'>Dropdown 'My Account' should exist</b><br />]]>
    </line>
    <line>
      <![CDATA[<span style='color:green'><b>Expected:</b><br />true<br /><b>Actual:</b><br />true<br /></span><br />]]>
    </line>
    <line>
      <![CDATA[Waiting for bigLoader to appear<br />]]>
    </line>
    <line>
      <![CDATA[waitUntilElementIsVisible: For element with xpath "//div[@id='ajaxBusy']"<br />]]>
    </line>
    <line>
      <![CDATA[<div style='color:orange'><b>WARNING:</b><br />Expected condition failed: waiting for visibility of element located by By.xpath: //div[@id='ajaxBusy'] (tried for 3 second(s) with 500 milliseconds interval)
Build info: version: '4.0.0', revision: '3a21814679'
System info: host: 'DESKTOP-Q1UB2OV', ip: '192.168.203.231', os.name: 'Windows 10', os.arch: 'amd64', os.version: '10.0', java.version: '11.0.12'
Driver info: org.openqa.selenium.chrome.ChromeDriver
Capabilities {acceptInsecureCerts: false, browserName: chrome, browserVersion: 109.0.5414.120, chrome: {chromedriverVersion: 108.0.5359.71 (1e0e3868ee06..., userDataDir: C:\Users\RAGHUW~1.SHI\AppDa...}, goog:chromeOptions: {debuggerAddress: localhost:49315}, javascriptEnabled: true, networkConnectionEnabled: false, pageLoadStrategy: normal, platform: WINDOWS, platformName: WINDOWS, proxy: Proxy(), se:cdp: ws://localhost:49315/devtoo..., se:cdpVersion: 109.0.5414.120, setWindowRect: true, strictFileInteractability: false, timeouts: {implicit: 0, pageLoad: 300000, script: 30000}, unhandledPromptBehavior: dismiss and notify, webauthn:extension:credBlob: true, webauthn:extension:largeBlob: true, webauthn:virtualAuthenticators: true}
Session ID: 3698a58abff443ea89a8a936d78a2c46</div><br /><br />]]>
    </line>
    <line>
      <![CDATA[Waiting for bigLoader to disappear<br />]]>
    </line>
    <line>
      <![CDATA[waitUntilElementNotVisible: Element with xpath "//div[@id='ajaxBusy']" was already invisible.<br />]]>
    </line>
    <line>
      <![CDATA[Attempting to click..<br />]]>
    </line>
    <line>
      <![CDATA[Waited successfully for element with xpath: "//a[text()='Logout']"<br />]]>
    </line>
    <line>
      <![CDATA[Clicked successfully on WebElement: "//a[text()='Logout']"<br />]]>
    </line>
    <line>
      <![CDATA[Waited successfully for element with xpath: "//a[(text()='Login') and (contains(@class, 'subnav-button'))]"<br />]]>
    </line>
    <line>
      <![CDATA[Logged out successfully.<br />]]>
    </line>
    <line>
      <![CDATA[Logging in at url: https://www.cpxlegaltest.com/<br/ >User: arjoshi<br/ >Pwd: Compex@2017<br />]]>
    </line>
    <line>
      <![CDATA[Attempting to click..<br />]]>
    </line>
    <line>
      <![CDATA[Waited successfully for element with xpath: "//a[(text()='Login') and (contains(@class, 'subnav-button'))]"<br />]]>
    </line>
    <line>
      <![CDATA[Clicked successfully on WebElement: "//a[(text()='Login') and (contains(@class, 'subnav-button'))]"<br />]]>
    </line>
    <line>
      <![CDATA[Attempting to type..<br />]]>
    </line>
    <line>
      <![CDATA[Waited successfully for element with xpath: "//input[@id='username']"<br />]]>
    </line>
    <line>
      <![CDATA[Typed successfully into WebElement: "//input[@id='username']", content: "arjoshi"<br />]]>
    </line>
    <line>
      <![CDATA[Attempting to type..<br />]]>
    </line>
    <line>
      <![CDATA[Waited successfully for element with xpath: "//input[@id='password']"<br />]]>
    </line>
    <line>
      <![CDATA[Typed successfully into WebElement: "//input[@id='password']", content: "Compex@2017"<br />]]>
    </line>
    <line>
      <![CDATA[Attempting to click..<br />]]>
    </line>
    <line>
      <![CDATA[Waited successfully for element with xpath: "//button[@id='loginform1-btlogin']"<br />]]>
    </line>
    <line>
      <![CDATA[Clicked successfully on WebElement: "//button[@id='loginform1-btlogin']"<br />]]>
    </line>
    <line>
      <![CDATA[Waiting for smallLoader to appear<br />]]>
    </line>
    <line>
      <![CDATA[waitUntilElementIsVisible: For element with xpath "//div[@class='loading-overlay-wrapper']"<br />]]>
    </line>
    <line>
      <![CDATA[<div style='color:orange'><b>WARNING:</b><br />Expected condition failed: waiting for visibility of element located by By.xpath: //div[@class='loading-overlay-wrapper'] (tried for 3 second(s) with 500 milliseconds interval)
Build info: version: '4.0.0', revision: '3a21814679'
System info: host: 'DESKTOP-Q1UB2OV', ip: '192.168.203.231', os.name: 'Windows 10', os.arch: 'amd64', os.version: '10.0', java.version: '11.0.12'
Driver info: org.openqa.selenium.chrome.ChromeDriver
Capabilities {acceptInsecureCerts: false, browserName: chrome, browserVersion: 109.0.5414.120, chrome: {chromedriverVersion: 108.0.5359.71 (1e0e3868ee06..., userDataDir: C:\Users\RAGHUW~1.SHI\AppDa...}, goog:chromeOptions: {debuggerAddress: localhost:49315}, javascriptEnabled: true, networkConnectionEnabled: false, pageLoadStrategy: normal, platform: WINDOWS, platformName: WINDOWS, proxy: Proxy(), se:cdp: ws://localhost:49315/devtoo..., se:cdpVersion: 109.0.5414.120, setWindowRect: true, strictFileInteractability: false, timeouts: {implicit: 0, pageLoad: 300000, script: 30000}, unhandledPromptBehavior: dismiss and notify, webauthn:extension:credBlob: true, webauthn:extension:largeBlob: true, webauthn:virtualAuthenticators: true}
Session ID: 3698a58abff443ea89a8a936d78a2c46</div><br /><br />]]>
    </line>
    <line>
      <![CDATA[Waiting for smallLoader to disappear<br />]]>
    </line>
    <line>
      <![CDATA[waitUntilElementNotVisible: Element with xpath "//div[@class='loading-overlay-wrapper']" was already invisible.<br />]]>
    </line>
    <line>
      <![CDATA[Waiting for bigLoader to appear<br />]]>
    </line>
    <line>
      <![CDATA[waitUntilElementIsVisible: For element with xpath "//div[@id='ajaxBusy']"<br />]]>
    </line>
    <line>
      <![CDATA[Waiting for bigLoader to disappear<br />]]>
    </line>
    <line>
      <![CDATA[waitUntilElementNotVisible: For element with xpath "//div[@id='ajaxBusy']"<br />]]>
    </line>
    <line>
      <![CDATA[Waited successfully for element with xpath: "//a[text()='Logout']"<br />]]>
    </line>
    <line>
      <![CDATA[Logged in successfully.<br />]]>
    </line>
    <line>
      <![CDATA[Waited successfully for element with xpath: "//span[@id='ddcl-searchActType1']"<br />]]>
    </line>
    <line>
      <![CDATA[<b style='color:blue'>Default selection in first dropdown should be 'My Account,All Contacts'</b><br />]]>
    </line>
    <line>
      <![CDATA[<span style='color:green'><b>Expected:</b><br />My Account,All Contacts<br /><b>Actual:</b><br />My Account,All Contacts<br /></span><br />]]>
    </line>
    <line>
      <![CDATA[Attempting to click..<br />]]>
    </line>
    <line>
      <![CDATA[Waited successfully for element with outerHTML: <span class="ui-dropdownchecklist ui-dropdownchecklist-selector-wrapper ui-widget" id="ddcl-searchActType1" style="display: inline-block; cursor: default; overflow: hidden;"><span class="ui-dropdownchecklist-selector ui-state-default" tabindex="0" style="display: inline-block; overflow: hidden; white-space: nowrap; width: 112px;"><span class="ui-dropdownchecklist-text" title="My Account,All Contacts" style="display: inline-block; white-space: nowrap; overflow: hidden; width: 108px;">My Account,All Contacts</span></span></span><br />]]>
    </line>
    <line>
      <![CDATA[Clicked successfully on WebElement: <span class="ui-dropdownchecklist ui-dropdownchecklist-selector-wrapper ui-widget" id="ddcl-searchActType1" style="display: inline-block; cursor: default; overflow: hidden;"><span class="ui-dropdownchecklist-selector ui-state-default ui-state-active" tabindex="0" style="display: inline-block; overflow: hidden; white-space: nowrap; width: 112px;"><span class="ui-dropdownchecklist-text" title="My Account,All Contacts" style="display: inline-block; white-space: nowrap; overflow: hidden; width: 108px;">My Account,All Contacts</span></span></span><br />]]>
    </line>
    <line>
      <![CDATA[Moving mouse a bit..<br />]]>
    </line>
    <line>
      <![CDATA[Mouse moved successfully<br />]]>
    </line>
    <line>
      <![CDATA[Waited successfully for element with xpath: "//div[@id='ddcl-searchActType1-ddw']"<br />]]>
    </line>
    <line>
      <![CDATA[<b style='color:blue'>Verifying all options in first dropdown</b><br />]]>
    </line>
    <line>
      <![CDATA[<span style='color:green'><b>Expected:</b><br />My Account
All Contacts<br /><b>Actual:</b><br />My Account
All Contacts<br /></span><br />]]>
    </line>
    <line>
      <![CDATA[Attempting to click..<br />]]>
    </line>
    <line>
      <![CDATA[Waited successfully for element with outerHTML: <span class="ui-dropdownchecklist ui-dropdownchecklist-selector-wrapper ui-widget" id="ddcl-searchActType1" style="display: inline-block; cursor: default; overflow: hidden;"><span class="ui-dropdownchecklist-selector ui-state-default ui-state-active" tabindex="0" style="display: inline-block; overflow: hidden; white-space: nowrap; width: 112px;"><span class="ui-dropdownchecklist-text" title="My Account,All Contacts" style="display: inline-block; white-space: nowrap; overflow: hidden; width: 108px;">My Account,All Contacts</span></span></span><br />]]>
    </line>
    <line>
      <![CDATA[Clicked successfully on WebElement: <span class="ui-dropdownchecklist ui-dropdownchecklist-selector-wrapper ui-widget" id="ddcl-searchActType1" style="display: inline-block; cursor: default; overflow: hidden;"><span class="ui-dropdownchecklist-selector ui-state-default" tabindex="0" style="display: inline-block; overflow: hidden; white-space: nowrap; width: 112px;"><span class="ui-dropdownchecklist-text" title="My Account,All Contacts" style="display: inline-block; white-space: nowrap; overflow: hidden; width: 108px;">My Account,All Contacts</span></span></span><br />]]>
    </line>
    <line>
      <![CDATA[Waiting for bigLoader to appear<br />]]>
    </line>
    <line>
      <![CDATA[waitUntilElementIsVisible: For element with xpath "//div[@id='ajaxBusy']"<br />]]>
    </line>
    <line>
      <![CDATA[<div style='color:orange'><b>WARNING:</b><br />Expected condition failed: waiting for visibility of element located by By.xpath: //div[@id='ajaxBusy'] (tried for 3 second(s) with 500 milliseconds interval)
Build info: version: '4.0.0', revision: '3a21814679'
System info: host: 'DESKTOP-Q1UB2OV', ip: '192.168.203.231', os.name: 'Windows 10', os.arch: 'amd64', os.version: '10.0', java.version: '11.0.12'
Driver info: org.openqa.selenium.chrome.ChromeDriver
Capabilities {acceptInsecureCerts: false, browserName: chrome, browserVersion: 109.0.5414.120, chrome: {chromedriverVersion: 108.0.5359.71 (1e0e3868ee06..., userDataDir: C:\Users\RAGHUW~1.SHI\AppDa...}, goog:chromeOptions: {debuggerAddress: localhost:49315}, javascriptEnabled: true, networkConnectionEnabled: false, pageLoadStrategy: normal, platform: WINDOWS, platformName: WINDOWS, proxy: Proxy(), se:cdp: ws://localhost:49315/devtoo..., se:cdpVersion: 109.0.5414.120, setWindowRect: true, strictFileInteractability: false, timeouts: {implicit: 0, pageLoad: 300000, script: 30000}, unhandledPromptBehavior: dismiss and notify, webauthn:extension:credBlob: true, webauthn:extension:largeBlob: true, webauthn:virtualAuthenticators: true}
Session ID: 3698a58abff443ea89a8a936d78a2c46</div><br /><br />]]>
    </line>
    <line>
      <![CDATA[Waiting for bigLoader to disappear<br />]]>
    </line>
    <line>
      <![CDATA[waitUntilElementNotVisible: Element with xpath "//div[@id='ajaxBusy']" was already invisible.<br />]]>
    </line>
    <line>
      <![CDATA[Attempting to click..<br />]]>
    </line>
    <line>
      <![CDATA[Waited successfully for element with xpath: "//a[text()='Logout']"<br />]]>
    </line>
    <line>
      <![CDATA[Clicked successfully on WebElement: "//a[text()='Logout']"<br />]]>
    </line>
    <line>
      <![CDATA[Waited successfully for element with xpath: "//a[(text()='Login') and (contains(@class, 'subnav-button'))]"<br />]]>
    </line>
    <line>
      <![CDATA[Logged out successfully.<br />]]>
    </line>
    <line>
      <![CDATA[Logging in at url: https://www.cpxlegaltest.com/<br/ >User: SuperUser<br/ >Pwd: Compex@2017<br />]]>
    </line>
    <line>
      <![CDATA[Attempting to click..<br />]]>
    </line>
    <line>
      <![CDATA[Waited successfully for element with xpath: "//a[(text()='Login') and (contains(@class, 'subnav-button'))]"<br />]]>
    </line>
    <line>
      <![CDATA[Clicked successfully on WebElement: "//a[(text()='Login') and (contains(@class, 'subnav-button'))]"<br />]]>
    </line>
    <line>
      <![CDATA[Attempting to type..<br />]]>
    </line>
    <line>
      <![CDATA[Waited successfully for element with xpath: "//input[@id='username']"<br />]]>
    </line>
    <line>
      <![CDATA[Typed successfully into WebElement: "//input[@id='username']", content: "SuperUser"<br />]]>
    </line>
    <line>
      <![CDATA[Attempting to type..<br />]]>
    </line>
    <line>
      <![CDATA[Waited successfully for element with xpath: "//input[@id='password']"<br />]]>
    </line>
    <line>
      <![CDATA[Typed successfully into WebElement: "//input[@id='password']", content: "Compex@2017"<br />]]>
    </line>
    <line>
      <![CDATA[Attempting to click..<br />]]>
    </line>
    <line>
      <![CDATA[Waited successfully for element with xpath: "//button[@id='loginform1-btlogin']"<br />]]>
    </line>
    <line>
      <![CDATA[Clicked successfully on WebElement: "//button[@id='loginform1-btlogin']"<br />]]>
    </line>
    <line>
      <![CDATA[Waiting for smallLoader to appear<br />]]>
    </line>
    <line>
      <![CDATA[waitUntilElementIsVisible: For element with xpath "//div[@class='loading-overlay-wrapper']"<br />]]>
    </line>
    <line>
      <![CDATA[<div style='color:orange'><b>WARNING:</b><br />Expected condition failed: waiting for visibility of element located by By.xpath: //div[@class='loading-overlay-wrapper'] (tried for 3 second(s) with 500 milliseconds interval)
Build info: version: '4.0.0', revision: '3a21814679'
System info: host: 'DESKTOP-Q1UB2OV', ip: '192.168.203.231', os.name: 'Windows 10', os.arch: 'amd64', os.version: '10.0', java.version: '11.0.12'
Driver info: org.openqa.selenium.chrome.ChromeDriver
Capabilities {acceptInsecureCerts: false, browserName: chrome, browserVersion: 109.0.5414.120, chrome: {chromedriverVersion: 108.0.5359.71 (1e0e3868ee06..., userDataDir: C:\Users\RAGHUW~1.SHI\AppDa...}, goog:chromeOptions: {debuggerAddress: localhost:49315}, javascriptEnabled: true, networkConnectionEnabled: false, pageLoadStrategy: normal, platform: WINDOWS, platformName: WINDOWS, proxy: Proxy(), se:cdp: ws://localhost:49315/devtoo..., se:cdpVersion: 109.0.5414.120, setWindowRect: true, strictFileInteractability: false, timeouts: {implicit: 0, pageLoad: 300000, script: 30000}, unhandledPromptBehavior: dismiss and notify, webauthn:extension:credBlob: true, webauthn:extension:largeBlob: true, webauthn:virtualAuthenticators: true}
Session ID: 3698a58abff443ea89a8a936d78a2c46</div><br /><br />]]>
    </line>
    <line>
      <![CDATA[Waiting for smallLoader to disappear<br />]]>
    </line>
    <line>
      <![CDATA[waitUntilElementNotVisible: Element with xpath "//div[@class='loading-overlay-wrapper']" was already invisible.<br />]]>
    </line>
    <line>
      <![CDATA[Waiting for bigLoader to appear<br />]]>
    </line>
    <line>
      <![CDATA[waitUntilElementIsVisible: For element with xpath "//div[@id='ajaxBusy']"<br />]]>
    </line>
    <line>
      <![CDATA[Waiting for bigLoader to disappear<br />]]>
    </line>
    <line>
      <![CDATA[waitUntilElementNotVisible: For element with xpath "//div[@id='ajaxBusy']"<br />]]>
    </line>
    <line>
      <![CDATA[Waited successfully for element with xpath: "//a[text()='Logout']"<br />]]>
    </line>
    <line>
      <![CDATA[Logged in successfully.<br />]]>
    </line>
    <line>
      <![CDATA[Waited successfully for element with xpath: "//span[@id='ddcl-searchActType1']"<br />]]>
    </line>
    <line>
      <![CDATA[<b style='color:blue'>Default selection in first dropdown should be 'All Clients'</b><br />]]>
    </line>
    <line>
      <![CDATA[<span style='color:green'><b>Expected:</b><br />All Clients<br /><b>Actual:</b><br />All Clients<br /></span><br />]]>
    </line>
    <line>
      <![CDATA[Attempting to click..<br />]]>
    </line>
    <line>
      <![CDATA[Waited successfully for element with outerHTML: <span class="ui-dropdownchecklist ui-dropdownchecklist-selector-wrapper ui-widget" id="ddcl-searchActType1" style="display: inline-block; cursor: default; overflow: hidden;"><span class="ui-dropdownchecklist-selector ui-state-default" tabindex="0" style="display: inline-block; overflow: hidden; white-space: nowrap; width: 112px;"><span class="ui-dropdownchecklist-text" title="All Clients" style="display: inline-block; white-space: nowrap; overflow: hidden; width: 108px;">All Clients</span></span></span><br />]]>
    </line>
    <line>
      <![CDATA[Clicked successfully on WebElement: <span class="ui-dropdownchecklist ui-dropdownchecklist-selector-wrapper ui-widget" id="ddcl-searchActType1" style="display: inline-block; cursor: default; overflow: hidden;"><span class="ui-dropdownchecklist-selector ui-state-default ui-state-active" tabindex="0" style="display: inline-block; overflow: hidden; white-space: nowrap; width: 112px;"><span class="ui-dropdownchecklist-text" title="All Clients" style="display: inline-block; white-space: nowrap; overflow: hidden; width: 108px;">All Clients</span></span></span><br />]]>
    </line>
    <line>
      <![CDATA[Moving mouse a bit..<br />]]>
    </line>
    <line>
      <![CDATA[Mouse moved successfully<br />]]>
    </line>
    <line>
      <![CDATA[Waited successfully for element with xpath: "//div[@id='ddcl-searchActType1-ddw']"<br />]]>
    </line>
    <line>
      <![CDATA[<b style='color:blue'>Verifying all options in first dropdown</b><br />]]>
    </line>
    <line>
      <![CDATA[<span style='color:green'><b>Expected:</b><br />My Account
All Contacts
All Clients<br /><b>Actual:</b><br />My Account
All Contacts
All Clients<br /></span><br />]]>
    </line>
    <line>
      <![CDATA[Attempting to click..<br />]]>
    </line>
    <line>
      <![CDATA[Waited successfully for element with outerHTML: <span class="ui-dropdownchecklist ui-dropdownchecklist-selector-wrapper ui-widget" id="ddcl-searchActType1" style="display: inline-block; cursor: default; overflow: hidden;"><span class="ui-dropdownchecklist-selector ui-state-default ui-state-active" tabindex="0" style="display: inline-block; overflow: hidden; white-space: nowrap; width: 112px;"><span class="ui-dropdownchecklist-text" title="All Clients" style="display: inline-block; white-space: nowrap; overflow: hidden; width: 108px;">All Clients</span></span></span><br />]]>
    </line>
    <line>
      <![CDATA[Clicked successfully on WebElement: <span class="ui-dropdownchecklist ui-dropdownchecklist-selector-wrapper ui-widget" id="ddcl-searchActType1" style="display: inline-block; cursor: default; overflow: hidden;"><span class="ui-dropdownchecklist-selector ui-state-default" tabindex="0" style="display: inline-block; overflow: hidden; white-space: nowrap; width: 112px;"><span class="ui-dropdownchecklist-text" title="All Clients" style="display: inline-block; white-space: nowrap; overflow: hidden; width: 108px;">All Clients</span></span></span><br />]]>
    </line>
    <line>
      <![CDATA[Waiting for bigLoader to appear<br />]]>
    </line>
    <line>
      <![CDATA[waitUntilElementIsVisible: For element with xpath "//div[@id='ajaxBusy']"<br />]]>
    </line>
    <line>
      <![CDATA[<div style='color:orange'><b>WARNING:</b><br />Expected condition failed: waiting for visibility of element located by By.xpath: //div[@id='ajaxBusy'] (tried for 3 second(s) with 500 milliseconds interval)
Build info: version: '4.0.0', revision: '3a21814679'
System info: host: 'DESKTOP-Q1UB2OV', ip: '192.168.203.231', os.name: 'Windows 10', os.arch: 'amd64', os.version: '10.0', java.version: '11.0.12'
Driver info: org.openqa.selenium.chrome.ChromeDriver
Capabilities {acceptInsecureCerts: false, browserName: chrome, browserVersion: 109.0.5414.120, chrome: {chromedriverVersion: 108.0.5359.71 (1e0e3868ee06..., userDataDir: C:\Users\RAGHUW~1.SHI\AppDa...}, goog:chromeOptions: {debuggerAddress: localhost:49315}, javascriptEnabled: true, networkConnectionEnabled: false, pageLoadStrategy: normal, platform: WINDOWS, platformName: WINDOWS, proxy: Proxy(), se:cdp: ws://localhost:49315/devtoo..., se:cdpVersion: 109.0.5414.120, setWindowRect: true, strictFileInteractability: false, timeouts: {implicit: 0, pageLoad: 300000, script: 30000}, unhandledPromptBehavior: dismiss and notify, webauthn:extension:credBlob: true, webauthn:extension:largeBlob: true, webauthn:virtualAuthenticators: true}
Session ID: 3698a58abff443ea89a8a936d78a2c46</div><br /><br />]]>
    </line>
    <line>
      <![CDATA[Waiting for bigLoader to disappear<br />]]>
    </line>
    <line>
      <![CDATA[waitUntilElementNotVisible: Element with xpath "//div[@id='ajaxBusy']" was already invisible.<br />]]>
    </line>
    <line>
      <![CDATA[Attempting to click..<br />]]>
    </line>
    <line>
      <![CDATA[Waited successfully for element with xpath: "//a[text()='Logout']"<br />]]>
    </line>
    <line>
      <![CDATA[Clicked successfully on WebElement: "//a[text()='Logout']"<br />]]>
    </line>
    <line>
      <![CDATA[Waited successfully for element with xpath: "//a[(text()='Login') and (contains(@class, 'subnav-button'))]"<br />]]>
    </line>
    <line>
      <![CDATA[Logged out successfully.<br />]]>
    </line>
    <line>
      <![CDATA[Logging in at url: https://www.cpxlegaltest.com/<br/ >User: SuperUser<br/ >Pwd: Compex@2017<br />]]>
    </line>
    <line>
      <![CDATA[Attempting to click..<br />]]>
    </line>
    <line>
      <![CDATA[Waited successfully for element with xpath: "//a[(text()='Login') and (contains(@class, 'subnav-button'))]"<br />]]>
    </line>
    <line>
      <![CDATA[Clicked successfully on WebElement: "//a[(text()='Login') and (contains(@class, 'subnav-button'))]"<br />]]>
    </line>
    <line>
      <![CDATA[Attempting to type..<br />]]>
    </line>
    <line>
      <![CDATA[Waited successfully for element with xpath: "//input[@id='username']"<br />]]>
    </line>
    <line>
      <![CDATA[Typed successfully into WebElement: "//input[@id='username']", content: "SuperUser"<br />]]>
    </line>
    <line>
      <![CDATA[Attempting to type..<br />]]>
    </line>
    <line>
      <![CDATA[Waited successfully for element with xpath: "//input[@id='password']"<br />]]>
    </line>
    <line>
      <![CDATA[Typed successfully into WebElement: "//input[@id='password']", content: "Compex@2017"<br />]]>
    </line>
    <line>
      <![CDATA[Attempting to click..<br />]]>
    </line>
    <line>
      <![CDATA[Waited successfully for element with xpath: "//button[@id='loginform1-btlogin']"<br />]]>
    </line>
    <line>
      <![CDATA[Clicked successfully on WebElement: "//button[@id='loginform1-btlogin']"<br />]]>
    </line>
    <line>
      <![CDATA[Waiting for smallLoader to appear<br />]]>
    </line>
    <line>
      <![CDATA[waitUntilElementIsVisible: For element with xpath "//div[@class='loading-overlay-wrapper']"<br />]]>
    </line>
    <line>
      <![CDATA[<div style='color:orange'><b>WARNING:</b><br />Expected condition failed: waiting for visibility of element located by By.xpath: //div[@class='loading-overlay-wrapper'] (tried for 3 second(s) with 500 milliseconds interval)
Build info: version: '4.0.0', revision: '3a21814679'
System info: host: 'DESKTOP-Q1UB2OV', ip: '192.168.203.231', os.name: 'Windows 10', os.arch: 'amd64', os.version: '10.0', java.version: '11.0.12'
Driver info: org.openqa.selenium.chrome.ChromeDriver
Capabilities {acceptInsecureCerts: false, browserName: chrome, browserVersion: 109.0.5414.120, chrome: {chromedriverVersion: 108.0.5359.71 (1e0e3868ee06..., userDataDir: C:\Users\RAGHUW~1.SHI\AppDa...}, goog:chromeOptions: {debuggerAddress: localhost:49315}, javascriptEnabled: true, networkConnectionEnabled: false, pageLoadStrategy: normal, platform: WINDOWS, platformName: WINDOWS, proxy: Proxy(), se:cdp: ws://localhost:49315/devtoo..., se:cdpVersion: 109.0.5414.120, setWindowRect: true, strictFileInteractability: false, timeouts: {implicit: 0, pageLoad: 300000, script: 30000}, unhandledPromptBehavior: dismiss and notify, webauthn:extension:credBlob: true, webauthn:extension:largeBlob: true, webauthn:virtualAuthenticators: true}
Session ID: 3698a58abff443ea89a8a936d78a2c46</div><br /><br />]]>
    </line>
    <line>
      <![CDATA[Waiting for smallLoader to disappear<br />]]>
    </line>
    <line>
      <![CDATA[waitUntilElementNotVisible: Element with xpath "//div[@class='loading-overlay-wrapper']" was already invisible.<br />]]>
    </line>
    <line>
      <![CDATA[Waiting for bigLoader to appear<br />]]>
    </line>
    <line>
      <![CDATA[waitUntilElementIsVisible: For element with xpath "//div[@id='ajaxBusy']"<br />]]>
    </line>
    <line>
      <![CDATA[Waiting for bigLoader to disappear<br />]]>
    </line>
    <line>
      <![CDATA[waitUntilElementNotVisible: For element with xpath "//div[@id='ajaxBusy']"<br />]]>
    </line>
    <line>
      <![CDATA[Waited successfully for element with xpath: "//a[text()='Logout']"<br />]]>
    </line>
    <line>
      <![CDATA[Logged in successfully.<br />]]>
    </line>
    <line>
      <![CDATA[Searching for order: CA1094395<br />]]>
    </line>
    <line>
      <![CDATA[Waiting for bigLoader to appear<br />]]>
    </line>
    <line>
      <![CDATA[waitUntilElementIsVisible: For element with xpath "//div[@id='ajaxBusy']"<br />]]>
    </line>
    <line>
      <![CDATA[<div style='color:orange'><b>WARNING:</b><br />Expected condition failed: waiting for visibility of element located by By.xpath: //div[@id='ajaxBusy'] (tried for 3 second(s) with 500 milliseconds interval)
Build info: version: '4.0.0', revision: '3a21814679'
System info: host: 'DESKTOP-Q1UB2OV', ip: '192.168.203.231', os.name: 'Windows 10', os.arch: 'amd64', os.version: '10.0', java.version: '11.0.12'
Driver info: org.openqa.selenium.chrome.ChromeDriver
Capabilities {acceptInsecureCerts: false, browserName: chrome, browserVersion: 109.0.5414.120, chrome: {chromedriverVersion: 108.0.5359.71 (1e0e3868ee06..., userDataDir: C:\Users\RAGHUW~1.SHI\AppDa...}, goog:chromeOptions: {debuggerAddress: localhost:49315}, javascriptEnabled: true, networkConnectionEnabled: false, pageLoadStrategy: normal, platform: WINDOWS, platformName: WINDOWS, proxy: Proxy(), se:cdp: ws://localhost:49315/devtoo..., se:cdpVersion: 109.0.5414.120, setWindowRect: true, strictFileInteractability: false, timeouts: {implicit: 0, pageLoad: 300000, script: 30000}, unhandledPromptBehavior: dismiss and notify, webauthn:extension:credBlob: true, webauthn:extension:largeBlob: true, webauthn:virtualAuthenticators: true}
Session ID: 3698a58abff443ea89a8a936d78a2c46</div><br /><br />]]>
    </line>
    <line>
      <![CDATA[Waiting for bigLoader to disappear<br />]]>
    </line>
    <line>
      <![CDATA[waitUntilElementNotVisible: Element with xpath "//div[@id='ajaxBusy']" was already invisible.<br />]]>
    </line>
    <line>
      <![CDATA[Attempting to click..<br />]]>
    </line>
    <line>
      <![CDATA[Waited successfully for element with xpath: "//div[(contains(@class,'t-dropdown')) and (@text='Search My Orders')]"<br />]]>
    </line>
    <line>
      <![CDATA[Clicked successfully on WebElement: "//div[(contains(@class,'t-dropdown')) and (@text='Search My Orders')]"<br />]]>
    </line>
    <line>
      <![CDATA[Moving mouse a bit..<br />]]>
    </line>
    <line>
      <![CDATA[Mouse moved successfully<br />]]>
    </line>
    <line>
      <![CDATA[Attempting to click..<br />]]>
    </line>
    <line>
      <![CDATA[Waited successfully for element with xpath: "//li[text()='Order#']"<br />]]>
    </line>
    <line>
      <![CDATA[Clicked successfully on WebElement: "//li[text()='Order#']"<br />]]>
    </line>
    <line>
      <![CDATA[Attempting to type..<br />]]>
    </line>
    <line>
      <![CDATA[Waited successfully for element with xpath: "//input[@id='txtSearchCriteria']"<br />]]>
    </line>
    <line>
      <![CDATA[Typed successfully into WebElement: "//input[@id='txtSearchCriteria']", content: "CA1094395"<br />]]>
    </line>
    <line>
      <![CDATA[Attempting to click..<br />]]>
    </line>
    <line>
      <![CDATA[Waited successfully for element with xpath: "//input[@id='btnSearch']"<br />]]>
    </line>
    <line>
      <![CDATA[Clicked successfully on WebElement: "//input[@id='btnSearch']"<br />]]>
    </line>
    <line>
      <![CDATA[Waiting for bigLoader to appear<br />]]>
    </line>
    <line>
      <![CDATA[waitUntilElementIsVisible: For element with xpath "//div[@id='ajaxBusy']"<br />]]>
    </line>
    <line>
      <![CDATA[Waiting for bigLoader to disappear<br />]]>
    </line>
    <line>
      <![CDATA[waitUntilElementNotVisible: For element with xpath "//div[@id='ajaxBusy']"<br />]]>
    </line>
    <line>
      <![CDATA[<b style='color:blue'>Verify search popup title text contains 'CA1094395'</b><br />]]>
    </line>
    <line>
      <![CDATA[<span style='color:green'><b>Expected:</b><br />true<br /><b>Actual:</b><br />true<br /></span><br />]]>
    </line>
    <line>
      <![CDATA[Attempting to click..<br />]]>
    </line>
    <line>
      <![CDATA[Waited successfully for element with xpath: "//div[contains(@class,'orderstatuscomments')]//button[@type='button'][span[text()='Display Orders']]/span"<br />]]>
    </line>
    <line>
      <![CDATA[Clicked successfully on WebElement: "//div[contains(@class,'orderstatuscomments')]//button[@type='button'][span[text()='Display Orders']]/span"<br />]]>
    </line>
    <line>
      <![CDATA[Waiting for bigLoader to appear<br />]]>
    </line>
    <line>
      <![CDATA[waitUntilElementIsVisible: For element with xpath "//div[@id='ajaxBusy']"<br />]]>
    </line>
    <line>
      <![CDATA[Waiting for bigLoader to disappear<br />]]>
    </line>
    <line>
      <![CDATA[waitUntilElementNotVisible: For element with xpath "//div[@id='ajaxBusy']"<br />]]>
    </line>
    <line>
      <![CDATA[Waited successfully for element with xpath: "//a[@id='anchExpandCollapse'][text()='Expand All']"<br />]]>
    </line>
    <line>
      <![CDATA[Attempting to click..<br />]]>
    </line>
    <line>
      <![CDATA[Waited successfully for element with xpath: "//a[@id='anchExpandCollapse'][text()='Expand All']"<br />]]>
    </line>
    <line>
      <![CDATA[Clicked successfully on WebElement: "//a[@id='anchExpandCollapse'][text()='Expand All']"<br />]]>
    </line>
    <line>
      <![CDATA[Waiting for bigLoader to appear<br />]]>
    </line>
    <line>
      <![CDATA[waitUntilElementIsVisible: For element with xpath "//div[@id='ajaxBusy']"<br />]]>
    </line>
    <line>
      <![CDATA[Waiting for bigLoader to disappear<br />]]>
    </line>
    <line>
      <![CDATA[waitUntilElementNotVisible: For element with xpath "//div[@id='ajaxBusy']"<br />]]>
    </line>
    <line>
      <![CDATA[Waited successfully for element with xpath: "//a[@id='anchExpandCollapse'][text()='Collapse All']"<br />]]>
    </line>
    <line>
      <![CDATA[Attempting to click..<br />]]>
    </line>
    <line>
      <![CDATA[Waited successfully for element with xpath: "//td[(@class='orderNumCol')][span[text()='CA1094395']]//following::a[@class='ViewOrder'][text()='005']"<br />]]>
    </line>
    <line>
      <![CDATA[Clicked successfully on WebElement: "//td[(@class='orderNumCol')][span[text()='CA1094395']]//following::a[@class='ViewOrder'][text()='005']"<br />]]>
    </line>
    <line>
      <![CDATA[Waiting for bigLoader to appear<br />]]>
    </line>
    <line>
      <![CDATA[waitUntilElementIsVisible: For element with xpath "//div[@id='ajaxBusy']"<br />]]>
    </line>
    <line>
      <![CDATA[Waiting for bigLoader to disappear<br />]]>
    </line>
    <line>
      <![CDATA[waitUntilElementNotVisible: For element with xpath "//div[@id='ajaxBusy']"<br />]]>
    </line>
    <line>
      <![CDATA[Waited successfully for element with xpath: "//*[@id="TabHeader-2"]/a"<br />]]>
    </line>
    <line>
      <![CDATA[Attempting to click..<br />]]>
    </line>
    <line>
      <![CDATA[Waited successfully for element with xpath: "//*[@id="TabHeader-2"]/a"<br />]]>
    </line>
    <line>
      <![CDATA[Clicked successfully on WebElement: "//*[@id="TabHeader-2"]/a"<br />]]>
    </line>
    <line>
      <![CDATA[Waiting for bigLoader to appear<br />]]>
    </line>
    <line>
      <![CDATA[waitUntilElementIsVisible: For element with xpath "//div[@id='ajaxBusy']"<br />]]>
    </line>
    <line>
      <![CDATA[<div style='color:orange'><b>WARNING:</b><br />Expected condition failed: waiting for visibility of element located by By.xpath: //div[@id='ajaxBusy'] (tried for 3 second(s) with 500 milliseconds interval)
Build info: version: '4.0.0', revision: '3a21814679'
System info: host: 'DESKTOP-Q1UB2OV', ip: '192.168.203.231', os.name: 'Windows 10', os.arch: 'amd64', os.version: '10.0', java.version: '11.0.12'
Driver info: org.openqa.selenium.chrome.ChromeDriver
Capabilities {acceptInsecureCerts: false, browserName: chrome, browserVersion: 109.0.5414.120, chrome: {chromedriverVersion: 108.0.5359.71 (1e0e3868ee06..., userDataDir: C:\Users\RAGHUW~1.SHI\AppDa...}, goog:chromeOptions: {debuggerAddress: localhost:49315}, javascriptEnabled: true, networkConnectionEnabled: false, pageLoadStrategy: normal, platform: WINDOWS, platformName: WINDOWS, proxy: Proxy(), se:cdp: ws://localhost:49315/devtoo..., se:cdpVersion: 109.0.5414.120, setWindowRect: true, strictFileInteractability: false, timeouts: {implicit: 0, pageLoad: 300000, script: 30000}, unhandledPromptBehavior: dismiss and notify, webauthn:extension:credBlob: true, webauthn:extension:largeBlob: true, webauthn:virtualAuthenticators: true}
Session ID: 3698a58abff443ea89a8a936d78a2c46</div><br /><br />]]>
    </line>
    <line>
      <![CDATA[Waiting for bigLoader to disappear<br />]]>
    </line>
    <line>
      <![CDATA[waitUntilElementNotVisible: Element with xpath "//div[@id='ajaxBusy']" was already invisible.<br />]]>
    </line>
    <line>
      <![CDATA[Waited successfully for element with xpath: "//button[@id='printButtonOI']"<br />]]>
    </line>
    <line>
      <![CDATA[<b style='color:blue'>Verify 'Order Info' pop-up is present in order info pop-up</b><br />]]>
    </line>
    <line>
      <![CDATA[<span style='color:green'><b>Expected:</b><br />true<br /><b>Actual:</b><br />true<br /></span><br />]]>
    </line>
    <line>
      <![CDATA[<span style='color:blue'><b>Attorney's name: Michael Spongeberg (123)</b></span><br />]]>
    </line>
    <line>
      <![CDATA[Attempting to click..<br />]]>
    </line>
    <line>
      <![CDATA[Waited successfully for element with xpath: "//a[@id='btnParentmodalDlg']"<br />]]>
    </line>
    <line>
      <![CDATA[Clicked successfully on WebElement: "//a[@id='btnParentmodalDlg']"<br />]]>
    </line>
    <line>
      <![CDATA[Attempting to click..<br />]]>
    </line>
    <line>
      <![CDATA[Waited successfully for element with xpath: "//button[@id='btnSearchCriteria'][@value='RESET']"<br />]]>
    </line>
    <line>
      <![CDATA[Clicked successfully on WebElement: "//button[@id='btnSearchCriteria'][@value='RESET']"<br />]]>
    </line>
    <line>
      <![CDATA[Waiting for bigLoader to appear<br />]]>
    </line>
    <line>
      <![CDATA[waitUntilElementIsVisible: For element with xpath "//div[@id='ajaxBusy']"<br />]]>
    </line>
    <line>
      <![CDATA[Waiting for bigLoader to disappear<br />]]>
    </line>
    <line>
      <![CDATA[waitUntilElementNotVisible: For element with xpath "//div[@id='ajaxBusy']"<br />]]>
    </line>
    <line>
      <![CDATA[Searching for orders with claim #: 45678<br />]]>
    </line>
    <line>
      <![CDATA[Waiting for bigLoader to appear<br />]]>
    </line>
    <line>
      <![CDATA[waitUntilElementIsVisible: For element with xpath "//div[@id='ajaxBusy']"<br />]]>
    </line>
    <line>
      <![CDATA[<div style='color:orange'><b>WARNING:</b><br />Expected condition failed: waiting for visibility of element located by By.xpath: //div[@id='ajaxBusy'] (tried for 3 second(s) with 500 milliseconds interval)
Build info: version: '4.0.0', revision: '3a21814679'
System info: host: 'DESKTOP-Q1UB2OV', ip: '192.168.203.231', os.name: 'Windows 10', os.arch: 'amd64', os.version: '10.0', java.version: '11.0.12'
Driver info: org.openqa.selenium.chrome.ChromeDriver
Capabilities {acceptInsecureCerts: false, browserName: chrome, browserVersion: 109.0.5414.120, chrome: {chromedriverVersion: 108.0.5359.71 (1e0e3868ee06..., userDataDir: C:\Users\RAGHUW~1.SHI\AppDa...}, goog:chromeOptions: {debuggerAddress: localhost:49315}, javascriptEnabled: true, networkConnectionEnabled: false, pageLoadStrategy: normal, platform: WINDOWS, platformName: WINDOWS, proxy: Proxy(), se:cdp: ws://localhost:49315/devtoo..., se:cdpVersion: 109.0.5414.120, setWindowRect: true, strictFileInteractability: false, timeouts: {implicit: 0, pageLoad: 300000, script: 30000}, unhandledPromptBehavior: dismiss and notify, webauthn:extension:credBlob: true, webauthn:extension:largeBlob: true, webauthn:virtualAuthenticators: true}
Session ID: 3698a58abff443ea89a8a936d78a2c46</div><br /><br />]]>
    </line>
    <line>
      <![CDATA[Waiting for bigLoader to disappear<br />]]>
    </line>
    <line>
      <![CDATA[waitUntilElementNotVisible: Element with xpath "//div[@id='ajaxBusy']" was already invisible.<br />]]>
    </line>
    <line>
      <![CDATA[Attempting to click..<br />]]>
    </line>
    <line>
      <![CDATA[Waited successfully for element with xpath: "//div[(contains(@class,'t-dropdown')) and (@text='Search My Orders')]"<br />]]>
    </line>
    <line>
      <![CDATA[Clicked successfully on WebElement: "//div[(contains(@class,'t-dropdown')) and (@text='Search My Orders')]"<br />]]>
    </line>
    <line>
      <![CDATA[Moving mouse a bit..<br />]]>
    </line>
    <line>
      <![CDATA[Mouse moved successfully<br />]]>
    </line>
    <line>
      <![CDATA[Attempting to click..<br />]]>
    </line>
    <line>
      <![CDATA[Waited successfully for element with xpath: "//li[text()='Claim#']"<br />]]>
    </line>
    <line>
      <![CDATA[Clicked successfully on WebElement: "//li[text()='Claim#']"<br />]]>
    </line>
    <line>
      <![CDATA[Attempting to type..<br />]]>
    </line>
    <line>
      <![CDATA[Waited successfully for element with xpath: "//input[@id='txtSearchCriteria']"<br />]]>
    </line>
    <line>
      <![CDATA[Typed successfully into WebElement: "//input[@id='txtSearchCriteria']", content: "45678"<br />]]>
    </line>
    <line>
      <![CDATA[Attempting to click..<br />]]>
    </line>
    <line>
      <![CDATA[Waited successfully for element with xpath: "//input[@id='btnSearch']"<br />]]>
    </line>
    <line>
      <![CDATA[Clicked successfully on WebElement: "//input[@id='btnSearch']"<br />]]>
    </line>
    <line>
      <![CDATA[Waiting for bigLoader to appear<br />]]>
    </line>
    <line>
      <![CDATA[waitUntilElementIsVisible: For element with xpath "//div[@id='ajaxBusy']"<br />]]>
    </line>
    <line>
      <![CDATA[Waiting for bigLoader to disappear<br />]]>
    </line>
    <line>
      <![CDATA[waitUntilElementNotVisible: For element with xpath "//div[@id='ajaxBusy']"<br />]]>
    </line>
    <line>
      <![CDATA[<b style='color:blue'>Verify search popup title text contains '45678'</b><br />]]>
    </line>
    <line>
      <![CDATA[<span style='color:green'><b>Expected:</b><br />true<br /><b>Actual:</b><br />true<br /></span><br />]]>
    </line>
    <line>
      <![CDATA[Attempting to click..<br />]]>
    </line>
    <line>
      <![CDATA[Waited successfully for element with xpath: "//div[contains(@class,'orderstatuscomments')]//button[@type='button'][span[text()='Display Orders']]/span"<br />]]>
    </line>
    <line>
      <![CDATA[Clicked successfully on WebElement: "//div[contains(@class,'orderstatuscomments')]//button[@type='button'][span[text()='Display Orders']]/span"<br />]]>
    </line>
    <line>
      <![CDATA[Waiting for bigLoader to appear<br />]]>
    </line>
    <line>
      <![CDATA[waitUntilElementIsVisible: For element with xpath "//div[@id='ajaxBusy']"<br />]]>
    </line>
    <line>
      <![CDATA[Waiting for bigLoader to disappear<br />]]>
    </line>
    <line>
      <![CDATA[waitUntilElementNotVisible: For element with xpath "//div[@id='ajaxBusy']"<br />]]>
    </line>
    <line>
      <![CDATA[Waited successfully for element with xpath: "//a[@id='anchExpandCollapse'][text()='Expand All']"<br />]]>
    </line>
    <line>
      <![CDATA[Attempting to click..<br />]]>
    </line>
    <line>
      <![CDATA[Waited successfully for element with xpath: "//a[@id='anchExpandCollapse'][text()='Expand All']"<br />]]>
    </line>
    <line>
      <![CDATA[Clicked successfully on WebElement: "//a[@id='anchExpandCollapse'][text()='Expand All']"<br />]]>
    </line>
    <line>
      <![CDATA[Waiting for bigLoader to appear<br />]]>
    </line>
    <line>
      <![CDATA[waitUntilElementIsVisible: For element with xpath "//div[@id='ajaxBusy']"<br />]]>
    </line>
    <line>
      <![CDATA[Waiting for bigLoader to disappear<br />]]>
    </line>
    <line>
      <![CDATA[waitUntilElementNotVisible: For element with xpath "//div[@id='ajaxBusy']"<br />]]>
    </line>
    <line>
      <![CDATA[Waited successfully for element with xpath: "//a[@id='anchExpandCollapse'][text()='Collapse All']"<br />]]>
    </line>
    <line>
      <![CDATA[Waited successfully for element with xpath: "//div[@id='OrderHeaderAll']//div[@class='t-grid-content']//thead/following-sibling::tbody/tr[last()]//a[@class='ViewOrder']//ancestor::tbody[2]//td[@class='orderNumCol']"<br />]]>
    </line>
    <line>
      <![CDATA[Waited successfully for element with xpath: "//div[@id='OrderHeaderAll']//div[@class='t-grid-content']//thead/following-sibling::tbody/tr[last()]//td[@class='checkboxCol']//li[@class='checkbox']"<br />]]>
    </line>
    <line>
      <![CDATA[Navigating to order: CA1094441 --> <br />]]>
    </line>
    <line>
      <![CDATA[Attempting to click..<br />]]>
    </line>
    <line>
      <![CDATA[Waited successfully for element with xpath: "//div[@id='OrderHeaderAll']//div[@class='t-grid-content']//thead/following-sibling::tbody/tr[last()]//td[@class='checkboxCol']//li[@class='checkbox']"<br />]]>
    </line>
    <line>
      <![CDATA[Clicked successfully on WebElement: "//div[@id='OrderHeaderAll']//div[@class='t-grid-content']//thead/following-sibling::tbody/tr[last()]//td[@class='checkboxCol']//li[@class='checkbox']"<br />]]>
    </line>
    <line>
      <![CDATA[Attempting to click..<br />]]>
    </line>
    <line>
      <![CDATA[Waited successfully for element with xpath: "//a[@id='viewdownloadAnch']"<br />]]>
    </line>
    <line>
      <![CDATA[Clicked successfully on WebElement: "//a[@id='viewdownloadAnch']"<br />]]>
    </line>
    <line>
      <![CDATA[Waiting for bigLoader to appear<br />]]>
    </line>
    <line>
      <![CDATA[waitUntilElementIsVisible: For element with xpath "//div[@id='ajaxBusy']"<br />]]>
    </line>
    <line>
      <![CDATA[Waiting for bigLoader to disappear<br />]]>
    </line>
    <line>
      <![CDATA[waitUntilElementNotVisible: For element with xpath "//div[@id='ajaxBusy']"<br />]]>
    </line>
    <line>
      <![CDATA[<div style='color:orange'><b>WARNING:</b><br />Expected condition failed: waiting for element to no longer be visible: By.xpath: //div[@id='ajaxBusy'] (tried for 25 second(s) with 500 milliseconds interval)
Build info: version: '4.0.0', revision: '3a21814679'
System info: host: 'DESKTOP-Q1UB2OV', ip: '192.168.203.231', os.name: 'Windows 10', os.arch: 'amd64', os.version: '10.0', java.version: '11.0.12'
Driver info: org.openqa.selenium.chrome.ChromeDriver
Capabilities {acceptInsecureCerts: false, browserName: chrome, browserVersion: 109.0.5414.120, chrome: {chromedriverVersion: 108.0.5359.71 (1e0e3868ee06..., userDataDir: C:\Users\RAGHUW~1.SHI\AppDa...}, goog:chromeOptions: {debuggerAddress: localhost:49315}, javascriptEnabled: true, networkConnectionEnabled: false, pageLoadStrategy: normal, platform: WINDOWS, platformName: WINDOWS, proxy: Proxy(), se:cdp: ws://localhost:49315/devtoo..., se:cdpVersion: 109.0.5414.120, setWindowRect: true, strictFileInteractability: false, timeouts: {implicit: 0, pageLoad: 300000, script: 30000}, unhandledPromptBehavior: dismiss and notify, webauthn:extension:credBlob: true, webauthn:extension:largeBlob: true, webauthn:virtualAuthenticators: true}
Session ID: 3698a58abff443ea89a8a936d78a2c46</div><br /><br />]]>
    </line>
    <line>
      <![CDATA[Waited successfully for element with xpath: "//*[@id="TabHeader-2"]/a"<br />]]>
    </line>
    <line>
      <![CDATA[Attempting to click..<br />]]>
    </line>
    <line>
      <![CDATA[Waited successfully for element with xpath: "//*[@id="TabHeader-2"]/a"<br />]]>
    </line>
    <line>
      <![CDATA[Clicked successfully on WebElement: "//*[@id="TabHeader-2"]/a"<br />]]>
    </line>
    <line>
      <![CDATA[Waiting for bigLoader to appear<br />]]>
    </line>
    <line>
      <![CDATA[waitUntilElementIsVisible: For element with xpath "//div[@id='ajaxBusy']"<br />]]>
    </line>
    <line>
      <![CDATA[<div style='color:orange'><b>WARNING:</b><br />Expected condition failed: waiting for visibility of element located by By.xpath: //div[@id='ajaxBusy'] (tried for 3 second(s) with 500 milliseconds interval)
Build info: version: '4.0.0', revision: '3a21814679'
System info: host: 'DESKTOP-Q1UB2OV', ip: '192.168.203.231', os.name: 'Windows 10', os.arch: 'amd64', os.version: '10.0', java.version: '11.0.12'
Driver info: org.openqa.selenium.chrome.ChromeDriver
Capabilities {acceptInsecureCerts: false, browserName: chrome, browserVersion: 109.0.5414.120, chrome: {chromedriverVersion: 108.0.5359.71 (1e0e3868ee06..., userDataDir: C:\Users\RAGHUW~1.SHI\AppDa...}, goog:chromeOptions: {debuggerAddress: localhost:49315}, javascriptEnabled: true, networkConnectionEnabled: false, pageLoadStrategy: normal, platform: WINDOWS, platformName: WINDOWS, proxy: Proxy(), se:cdp: ws://localhost:49315/devtoo..., se:cdpVersion: 109.0.5414.120, setWindowRect: true, strictFileInteractability: false, timeouts: {implicit: 0, pageLoad: 300000, script: 30000}, unhandledPromptBehavior: dismiss and notify, webauthn:extension:credBlob: true, webauthn:extension:largeBlob: true, webauthn:virtualAuthenticators: true}
Session ID: 3698a58abff443ea89a8a936d78a2c46</div><br /><br />]]>
    </line>
    <line>
      <![CDATA[Waiting for bigLoader to disappear<br />]]>
    </line>
    <line>
      <![CDATA[waitUntilElementNotVisible: Element with xpath "//div[@id='ajaxBusy']" was already invisible.<br />]]>
    </line>
    <line>
      <![CDATA[<b style='color:blue'>Verify field "Claim #"</b><br />]]>
    </line>
    <line>
      <![CDATA[<span style='color:red'><b>Expected:</b><br />45678<br /><b>Actual:</b><br />123456789<br /></span><br />]]>
    </line>
    <line>
      <![CDATA[Attempting to click..<br />]]>
    </line>
    <line>
      <![CDATA[Waited successfully for element with xpath: "//a[@id='btnParentmodalDlg']"<br />]]>
    </line>
    <line>
      <![CDATA[Clicked successfully on WebElement: "//a[@id='btnParentmodalDlg']"<br />]]>
    </line>
    <line>
      <![CDATA[Searching for orders with Plaintiff Name: Test1<br />]]>
    </line>
    <line>
      <![CDATA[Waiting for bigLoader to appear<br />]]>
    </line>
    <line>
      <![CDATA[waitUntilElementIsVisible: For element with xpath "//div[@id='ajaxBusy']"<br />]]>
    </line>
    <line>
      <![CDATA[<div style='color:orange'><b>WARNING:</b><br />Expected condition failed: waiting for visibility of element located by By.xpath: //div[@id='ajaxBusy'] (tried for 3 second(s) with 500 milliseconds interval)
Build info: version: '4.0.0', revision: '3a21814679'
System info: host: 'DESKTOP-Q1UB2OV', ip: '192.168.203.231', os.name: 'Windows 10', os.arch: 'amd64', os.version: '10.0', java.version: '11.0.12'
Driver info: org.openqa.selenium.chrome.ChromeDriver
Capabilities {acceptInsecureCerts: false, browserName: chrome, browserVersion: 109.0.5414.120, chrome: {chromedriverVersion: 108.0.5359.71 (1e0e3868ee06..., userDataDir: C:\Users\RAGHUW~1.SHI\AppDa...}, goog:chromeOptions: {debuggerAddress: localhost:49315}, javascriptEnabled: true, networkConnectionEnabled: false, pageLoadStrategy: normal, platform: WINDOWS, platformName: WINDOWS, proxy: Proxy(), se:cdp: ws://localhost:49315/devtoo..., se:cdpVersion: 109.0.5414.120, setWindowRect: true, strictFileInteractability: false, timeouts: {implicit: 0, pageLoad: 300000, script: 30000}, unhandledPromptBehavior: dismiss and notify, webauthn:extension:credBlob: true, webauthn:extension:largeBlob: true, webauthn:virtualAuthenticators: true}
Session ID: 3698a58abff443ea89a8a936d78a2c46</div><br /><br />]]>
    </line>
    <line>
      <![CDATA[Waiting for bigLoader to disappear<br />]]>
    </line>
    <line>
      <![CDATA[waitUntilElementNotVisible: Element with xpath "//div[@id='ajaxBusy']" was already invisible.<br />]]>
    </line>
    <line>
      <![CDATA[Attempting to click..<br />]]>
    </line>
    <line>
      <![CDATA[Waited successfully for element with xpath: "//div[(contains(@class,'t-dropdown')) and (@text='Search My Orders')]"<br />]]>
    </line>
    <line>
      <![CDATA[Clicked successfully on WebElement: "//div[(contains(@class,'t-dropdown')) and (@text='Search My Orders')]"<br />]]>
    </line>
    <line>
      <![CDATA[Moving mouse a bit..<br />]]>
    </line>
    <line>
      <![CDATA[Mouse moved successfully<br />]]>
    </line>
    <line>
      <![CDATA[Attempting to click..<br />]]>
    </line>
    <line>
      <![CDATA[Waited successfully for element with xpath: "//li[text()='Plaintiff']"<br />]]>
    </line>
    <line>
      <![CDATA[Clicked successfully on WebElement: "//li[text()='Plaintiff']"<br />]]>
    </line>
    <line>
      <![CDATA[Attempting to type..<br />]]>
    </line>
    <line>
      <![CDATA[Waited successfully for element with xpath: "//input[@id='txtSearchCriteria']"<br />]]>
    </line>
    <line>
      <![CDATA[Typed successfully into WebElement: "//input[@id='txtSearchCriteria']", content: "Test1"<br />]]>
    </line>
    <line>
      <![CDATA[Attempting to click..<br />]]>
    </line>
    <line>
      <![CDATA[Waited successfully for element with xpath: "//input[@id='btnSearch']"<br />]]>
    </line>
    <line>
      <![CDATA[Clicked successfully on WebElement: "//input[@id='btnSearch']"<br />]]>
    </line>
    <line>
      <![CDATA[Waiting for bigLoader to appear<br />]]>
    </line>
    <line>
      <![CDATA[waitUntilElementIsVisible: For element with xpath "//div[@id='ajaxBusy']"<br />]]>
    </line>
    <line>
      <![CDATA[Waiting for bigLoader to disappear<br />]]>
    </line>
    <line>
      <![CDATA[waitUntilElementNotVisible: For element with xpath "//div[@id='ajaxBusy']"<br />]]>
    </line>
    <line>
      <![CDATA[Searching for orders with caseNum : 7777777<br />]]>
    </line>
    <line>
      <![CDATA[Waiting for bigLoader to appear<br />]]>
    </line>
    <line>
      <![CDATA[waitUntilElementIsVisible: For element with xpath "//div[@id='ajaxBusy']"<br />]]>
    </line>
    <line>
      <![CDATA[<div style='color:orange'><b>WARNING:</b><br />Expected condition failed: waiting for visibility of element located by By.xpath: //div[@id='ajaxBusy'] (tried for 3 second(s) with 500 milliseconds interval)
Build info: version: '4.0.0', revision: '3a21814679'
System info: host: 'DESKTOP-Q1UB2OV', ip: '192.168.203.231', os.name: 'Windows 10', os.arch: 'amd64', os.version: '10.0', java.version: '11.0.12'
Driver info: org.openqa.selenium.chrome.ChromeDriver
Capabilities {acceptInsecureCerts: false, browserName: chrome, browserVersion: 109.0.5414.120, chrome: {chromedriverVersion: 108.0.5359.71 (1e0e3868ee06..., userDataDir: C:\Users\RAGHUW~1.SHI\AppDa...}, goog:chromeOptions: {debuggerAddress: localhost:49315}, javascriptEnabled: true, networkConnectionEnabled: false, pageLoadStrategy: normal, platform: WINDOWS, platformName: WINDOWS, proxy: Proxy(), se:cdp: ws://localhost:49315/devtoo..., se:cdpVersion: 109.0.5414.120, setWindowRect: true, strictFileInteractability: false, timeouts: {implicit: 0, pageLoad: 300000, script: 30000}, unhandledPromptBehavior: dismiss and notify, webauthn:extension:credBlob: true, webauthn:extension:largeBlob: true, webauthn:virtualAuthenticators: true}
Session ID: 3698a58abff443ea89a8a936d78a2c46</div><br /><br />]]>
    </line>
    <line>
      <![CDATA[Waiting for bigLoader to disappear<br />]]>
    </line>
    <line>
      <![CDATA[waitUntilElementNotVisible: Element with xpath "//div[@id='ajaxBusy']" was already invisible.<br />]]>
    </line>
    <line>
      <![CDATA[Attempting to click..<br />]]>
    </line>
    <line>
      <![CDATA[Waited successfully for element with xpath: "//div[(contains(@class,'t-dropdown')) and (@text='Search My Orders')]"<br />]]>
    </line>
    <line>
      <![CDATA[Clicked successfully on WebElement: "//div[(contains(@class,'t-dropdown')) and (@text='Search My Orders')]"<br />]]>
    </line>
    <line>
      <![CDATA[Moving mouse a bit..<br />]]>
    </line>
    <line>
      <![CDATA[Mouse moved successfully<br />]]>
    </line>
    <line>
      <![CDATA[Attempting to click..<br />]]>
    </line>
    <line>
      <![CDATA[Waited successfully for element with xpath: "//li[text()='Case#']"<br />]]>
    </line>
    <line>
      <![CDATA[Clicked successfully on WebElement: "//li[text()='Case#']"<br />]]>
    </line>
    <line>
      <![CDATA[Attempting to type..<br />]]>
    </line>
    <line>
      <![CDATA[Waited successfully for element with xpath: "//input[@id='txtSearchCriteria']"<br />]]>
    </line>
    <line>
      <![CDATA[Typed successfully into WebElement: "//input[@id='txtSearchCriteria']", content: "7777777"<br />]]>
    </line>
    <line>
      <![CDATA[Attempting to click..<br />]]>
    </line>
    <line>
      <![CDATA[Waited successfully for element with xpath: "//input[@id='btnSearch']"<br />]]>
    </line>
    <line>
      <![CDATA[Clicked successfully on WebElement: "//input[@id='btnSearch']"<br />]]>
    </line>
    <line>
      <![CDATA[Waiting for bigLoader to appear<br />]]>
    </line>
    <line>
      <![CDATA[waitUntilElementIsVisible: For element with xpath "//div[@id='ajaxBusy']"<br />]]>
    </line>
    <line>
      <![CDATA[Waiting for bigLoader to disappear<br />]]>
    </line>
    <line>
      <![CDATA[waitUntilElementNotVisible: For element with xpath "//div[@id='ajaxBusy']"<br />]]>
    </line>
    <line>
      <![CDATA[Searching for orders with Defendant : Robert Crown<br />]]>
    </line>
    <line>
      <![CDATA[Waiting for bigLoader to appear<br />]]>
    </line>
    <line>
      <![CDATA[waitUntilElementIsVisible: For element with xpath "//div[@id='ajaxBusy']"<br />]]>
    </line>
    <line>
      <![CDATA[<div style='color:orange'><b>WARNING:</b><br />Expected condition failed: waiting for visibility of element located by By.xpath: //div[@id='ajaxBusy'] (tried for 3 second(s) with 500 milliseconds interval)
Build info: version: '4.0.0', revision: '3a21814679'
System info: host: 'DESKTOP-Q1UB2OV', ip: '192.168.203.231', os.name: 'Windows 10', os.arch: 'amd64', os.version: '10.0', java.version: '11.0.12'
Driver info: org.openqa.selenium.chrome.ChromeDriver
Capabilities {acceptInsecureCerts: false, browserName: chrome, browserVersion: 109.0.5414.120, chrome: {chromedriverVersion: 108.0.5359.71 (1e0e3868ee06..., userDataDir: C:\Users\RAGHUW~1.SHI\AppDa...}, goog:chromeOptions: {debuggerAddress: localhost:49315}, javascriptEnabled: true, networkConnectionEnabled: false, pageLoadStrategy: normal, platform: WINDOWS, platformName: WINDOWS, proxy: Proxy(), se:cdp: ws://localhost:49315/devtoo..., se:cdpVersion: 109.0.5414.120, setWindowRect: true, strictFileInteractability: false, timeouts: {implicit: 0, pageLoad: 300000, script: 30000}, unhandledPromptBehavior: dismiss and notify, webauthn:extension:credBlob: true, webauthn:extension:largeBlob: true, webauthn:virtualAuthenticators: true}
Session ID: 3698a58abff443ea89a8a936d78a2c46</div><br /><br />]]>
    </line>
    <line>
      <![CDATA[Waiting for bigLoader to disappear<br />]]>
    </line>
    <line>
      <![CDATA[waitUntilElementNotVisible: Element with xpath "//div[@id='ajaxBusy']" was already invisible.<br />]]>
    </line>
    <line>
      <![CDATA[Attempting to click..<br />]]>
    </line>
    <line>
      <![CDATA[Waited successfully for element with xpath: "//div[(contains(@class,'t-dropdown')) and (@text='Search My Orders')]"<br />]]>
    </line>
    <line>
      <![CDATA[Clicked successfully on WebElement: "//div[(contains(@class,'t-dropdown')) and (@text='Search My Orders')]"<br />]]>
    </line>
    <line>
      <![CDATA[Moving mouse a bit..<br />]]>
    </line>
    <line>
      <![CDATA[Mouse moved successfully<br />]]>
    </line>
    <line>
      <![CDATA[Attempting to click..<br />]]>
    </line>
    <line>
      <![CDATA[Waited successfully for element with xpath: "//li[text()='Defendant']"<br />]]>
    </line>
    <line>
      <![CDATA[Clicked successfully on WebElement: "//li[text()='Defendant']"<br />]]>
    </line>
    <line>
      <![CDATA[Attempting to type..<br />]]>
    </line>
    <line>
      <![CDATA[Waited successfully for element with xpath: "//input[@id='txtSearchCriteria']"<br />]]>
    </line>
    <line>
      <![CDATA[Typed successfully into WebElement: "//input[@id='txtSearchCriteria']", content: "Robert Crown"<br />]]>
    </line>
    <line>
      <![CDATA[Attempting to click..<br />]]>
    </line>
    <line>
      <![CDATA[Waited successfully for element with xpath: "//input[@id='btnSearch']"<br />]]>
    </line>
    <line>
      <![CDATA[Clicked successfully on WebElement: "//input[@id='btnSearch']"<br />]]>
    </line>
    <line>
      <![CDATA[Waiting for bigLoader to appear<br />]]>
    </line>
    <line>
      <![CDATA[waitUntilElementIsVisible: For element with xpath "//div[@id='ajaxBusy']"<br />]]>
    </line>
    <line>
      <![CDATA[Waiting for bigLoader to disappear<br />]]>
    </line>
    <line>
      <![CDATA[waitUntilElementNotVisible: For element with xpath "//div[@id='ajaxBusy']"<br />]]>
    </line>
    <line>
      <![CDATA[Searching for orders with Attorney : Michael Spongeberg (123)<br />]]>
    </line>
    <line>
      <![CDATA[Waiting for bigLoader to appear<br />]]>
    </line>
    <line>
      <![CDATA[waitUntilElementIsVisible: For element with xpath "//div[@id='ajaxBusy']"<br />]]>
    </line>
    <line>
      <![CDATA[<div style='color:orange'><b>WARNING:</b><br />Expected condition failed: waiting for visibility of element located by By.xpath: //div[@id='ajaxBusy'] (tried for 3 second(s) with 500 milliseconds interval)
Build info: version: '4.0.0', revision: '3a21814679'
System info: host: 'DESKTOP-Q1UB2OV', ip: '192.168.203.231', os.name: 'Windows 10', os.arch: 'amd64', os.version: '10.0', java.version: '11.0.12'
Driver info: org.openqa.selenium.chrome.ChromeDriver
Capabilities {acceptInsecureCerts: false, browserName: chrome, browserVersion: 109.0.5414.120, chrome: {chromedriverVersion: 108.0.5359.71 (1e0e3868ee06..., userDataDir: C:\Users\RAGHUW~1.SHI\AppDa...}, goog:chromeOptions: {debuggerAddress: localhost:49315}, javascriptEnabled: true, networkConnectionEnabled: false, pageLoadStrategy: normal, platform: WINDOWS, platformName: WINDOWS, proxy: Proxy(), se:cdp: ws://localhost:49315/devtoo..., se:cdpVersion: 109.0.5414.120, setWindowRect: true, strictFileInteractability: false, timeouts: {implicit: 0, pageLoad: 300000, script: 30000}, unhandledPromptBehavior: dismiss and notify, webauthn:extension:credBlob: true, webauthn:extension:largeBlob: true, webauthn:virtualAuthenticators: true}
Session ID: 3698a58abff443ea89a8a936d78a2c46</div><br /><br />]]>
    </line>
    <line>
      <![CDATA[Waiting for bigLoader to disappear<br />]]>
    </line>
    <line>
      <![CDATA[waitUntilElementNotVisible: Element with xpath "//div[@id='ajaxBusy']" was already invisible.<br />]]>
    </line>
    <line>
      <![CDATA[Attempting to click..<br />]]>
    </line>
    <line>
      <![CDATA[Waited successfully for element with xpath: "//div[(contains(@class,'t-dropdown')) and (@text='Search My Orders')]"<br />]]>
    </line>
    <line>
      <![CDATA[Clicked successfully on WebElement: "//div[(contains(@class,'t-dropdown')) and (@text='Search My Orders')]"<br />]]>
    </line>
    <line>
      <![CDATA[Moving mouse a bit..<br />]]>
    </line>
    <line>
      <![CDATA[Mouse moved successfully<br />]]>
    </line>
    <line>
      <![CDATA[Attempting to click..<br />]]>
    </line>
    <line>
      <![CDATA[Waited successfully for element with xpath: "//li[text()='Attorney']"<br />]]>
    </line>
    <line>
      <![CDATA[Clicked successfully on WebElement: "//li[text()='Attorney']"<br />]]>
    </line>
    <line>
      <![CDATA[Attempting to type..<br />]]>
    </line>
    <line>
      <![CDATA[Waited successfully for element with xpath: "//input[@id='txtSearchCriteria']"<br />]]>
    </line>
    <line>
      <![CDATA[Typed successfully into WebElement: "//input[@id='txtSearchCriteria']", content: "Michael Spongeberg (123)"<br />]]>
    </line>
    <line>
      <![CDATA[Attempting to click..<br />]]>
    </line>
    <line>
      <![CDATA[Waited successfully for element with xpath: "//input[@id='btnSearch']"<br />]]>
    </line>
    <line>
      <![CDATA[Clicked successfully on WebElement: "//input[@id='btnSearch']"<br />]]>
    </line>
    <line>
      <![CDATA[Waiting for bigLoader to appear<br />]]>
    </line>
    <line>
      <![CDATA[waitUntilElementIsVisible: For element with xpath "//div[@id='ajaxBusy']"<br />]]>
    </line>
    <line>
      <![CDATA[Waiting for bigLoader to disappear<br />]]>
    </line>
    <line>
      <![CDATA[waitUntilElementNotVisible: For element with xpath "//div[@id='ajaxBusy']"<br />]]>
    </line>
    <line>
      <![CDATA[Searching for orders with adjuster : Adam Dodge<br />]]>
    </line>
    <line>
      <![CDATA[Waiting for bigLoader to appear<br />]]>
    </line>
    <line>
      <![CDATA[waitUntilElementIsVisible: For element with xpath "//div[@id='ajaxBusy']"<br />]]>
    </line>
    <line>
      <![CDATA[<div style='color:orange'><b>WARNING:</b><br />Expected condition failed: waiting for visibility of element located by By.xpath: //div[@id='ajaxBusy'] (tried for 3 second(s) with 500 milliseconds interval)
Build info: version: '4.0.0', revision: '3a21814679'
System info: host: 'DESKTOP-Q1UB2OV', ip: '192.168.203.231', os.name: 'Windows 10', os.arch: 'amd64', os.version: '10.0', java.version: '11.0.12'
Driver info: org.openqa.selenium.chrome.ChromeDriver
Capabilities {acceptInsecureCerts: false, browserName: chrome, browserVersion: 109.0.5414.120, chrome: {chromedriverVersion: 108.0.5359.71 (1e0e3868ee06..., userDataDir: C:\Users\RAGHUW~1.SHI\AppDa...}, goog:chromeOptions: {debuggerAddress: localhost:49315}, javascriptEnabled: true, networkConnectionEnabled: false, pageLoadStrategy: normal, platform: WINDOWS, platformName: WINDOWS, proxy: Proxy(), se:cdp: ws://localhost:49315/devtoo..., se:cdpVersion: 109.0.5414.120, setWindowRect: true, strictFileInteractability: false, timeouts: {implicit: 0, pageLoad: 300000, script: 30000}, unhandledPromptBehavior: dismiss and notify, webauthn:extension:credBlob: true, webauthn:extension:largeBlob: true, webauthn:virtualAuthenticators: true}
Session ID: 3698a58abff443ea89a8a936d78a2c46</div><br /><br />]]>
    </line>
    <line>
      <![CDATA[Waiting for bigLoader to disappear<br />]]>
    </line>
    <line>
      <![CDATA[waitUntilElementNotVisible: Element with xpath "//div[@id='ajaxBusy']" was already invisible.<br />]]>
    </line>
    <line>
      <![CDATA[Attempting to click..<br />]]>
    </line>
    <line>
      <![CDATA[Waited successfully for element with xpath: "//div[(contains(@class,'t-dropdown')) and (@text='Search My Orders')]"<br />]]>
    </line>
    <line>
      <![CDATA[Clicked successfully on WebElement: "//div[(contains(@class,'t-dropdown')) and (@text='Search My Orders')]"<br />]]>
    </line>
    <line>
      <![CDATA[Moving mouse a bit..<br />]]>
    </line>
    <line>
      <![CDATA[Mouse moved successfully<br />]]>
    </line>
    <line>
      <![CDATA[Attempting to click..<br />]]>
    </line>
    <line>
      <![CDATA[Waited successfully for element with xpath: "//li[text()='Adjuster']"<br />]]>
    </line>
    <line>
      <![CDATA[Clicked successfully on WebElement: "//li[text()='Adjuster']"<br />]]>
    </line>
    <line>
      <![CDATA[Attempting to type..<br />]]>
    </line>
    <line>
      <![CDATA[Waited successfully for element with xpath: "//input[@id='txtSearchCriteria']"<br />]]>
    </line>
    <line>
      <![CDATA[Typed successfully into WebElement: "//input[@id='txtSearchCriteria']", content: "Adam Dodge"<br />]]>
    </line>
    <line>
      <![CDATA[Attempting to click..<br />]]>
    </line>
    <line>
      <![CDATA[Waited successfully for element with xpath: "//input[@id='btnSearch']"<br />]]>
    </line>
    <line>
      <![CDATA[Clicked successfully on WebElement: "//input[@id='btnSearch']"<br />]]>
    </line>
    <line>
      <![CDATA[Waiting for bigLoader to appear<br />]]>
    </line>
    <line>
      <![CDATA[waitUntilElementIsVisible: For element with xpath "//div[@id='ajaxBusy']"<br />]]>
    </line>
    <line>
      <![CDATA[Waiting for bigLoader to disappear<br />]]>
    </line>
    <line>
      <![CDATA[waitUntilElementNotVisible: For element with xpath "//div[@id='ajaxBusy']"<br />]]>
    </line>
    <line>
      <![CDATA[Searching for order (with Film) : CA1094247 --> 001<br />]]>
    </line>
    <line>
      <![CDATA[Waiting for bigLoader to appear<br />]]>
    </line>
    <line>
      <![CDATA[waitUntilElementIsVisible: For element with xpath "//div[@id='ajaxBusy']"<br />]]>
    </line>
    <line>
      <![CDATA[<div style='color:orange'><b>WARNING:</b><br />Expected condition failed: waiting for visibility of element located by By.xpath: //div[@id='ajaxBusy'] (tried for 3 second(s) with 500 milliseconds interval)
Build info: version: '4.0.0', revision: '3a21814679'
System info: host: 'DESKTOP-Q1UB2OV', ip: '192.168.203.231', os.name: 'Windows 10', os.arch: 'amd64', os.version: '10.0', java.version: '11.0.12'
Driver info: org.openqa.selenium.chrome.ChromeDriver
[...]
Build info: version: '4.0.0', revision: '3a21814679'
System info: host: 'DESKTOP-Q1UB2OV', ip: '192.168.203.231', os.name: 'Windows 10', os.arch: 'amd64', os.version: '10.0', java.version: '11.0.12'
Driver info: org.openqa.selenium.chrome.ChromeDriver
Capabilities {acceptInsecureCerts: false, browserName: chrome, browserVersion: 109.0.5414.120, chrome: {chromedriverVersion: 108.0.5359.71 (1e0e3868ee06..., userDataDir: C:\Users\RAGHUW~1.SHI\AppDa...}, goog:chromeOptions: {debuggerAddress: localhost:49315}, javascriptEnabled: true, networkConnectionEnabled: false, pageLoadStrategy: normal, platform: WINDOWS, platformName: WINDOWS, proxy: Proxy(), se:cdp: ws://localhost:49315/devtoo..., se:cdpVersion: 109.0.5414.120, setWindowRect: true, strictFileInteractability: false, timeouts: {implicit: 0, pageLoad: 300000, script: 30000}, unhandledPromptBehavior: dismiss and notify, webauthn:extension:credBlob: true, webauthn:extension:largeBlob: true, webauthn:virtualAuthenticators: true}
Session ID: 3698a58abff443ea89a8a936d78a2c46</div><br /><br />]]>
            </line>
            <line>
              <![CDATA[Waiting for bigLoader to disappear<br />]]>
            </line>
            <line>
              <![CDATA[waitUntilElementNotVisible: Element with xpath "//div[@id='ajaxBusy']" was already invisible.<br />]]>
            </line>
            <line>
              <![CDATA[Attempting to click..<br />]]>
            </line>
            <line>
              <![CDATA[Waited successfully for element with xpath: "//div[(contains(@class,'t-dropdown')) and (@text='Search My Orders')]"<br />]]>
            </line>
            <line>
              <![CDATA[Clicked successfully on WebElement: "//div[(contains(@class,'t-dropdown')) and (@text='Search My Orders')]"<br />]]>
            </line>
            <line>
              <![CDATA[Moving mouse a bit..<br />]]>
            </line>
            <line>
              <![CDATA[Mouse moved successfully<br />]]>
            </line>
            <line>
              <![CDATA[Attempting to click..<br />]]>
            </line>
            <line>
              <![CDATA[Waited successfully for element with xpath: "//li[text()='Order#']"<br />]]>
            </line>
            <line>
              <![CDATA[Clicked successfully on WebElement: "//li[text()='Order#']"<br />]]>
            </line>
            <line>
              <![CDATA[Attempting to type..<br />]]>
            </line>
            <line>
              <![CDATA[Waited successfully for element with xpath: "//input[@id='txtSearchCriteria']"<br />]]>
            </line>
            <line>
              <![CDATA[Typed successfully into WebElement: "//input[@id='txtSearchCriteria']", content: "CA1094395"<br />]]>
            </line>
            <line>
              <![CDATA[Attempting to click..<br />]]>
            </line>
            <line>
              <![CDATA[Waited successfully for element with xpath: "//input[@id='btnSearch']"<br />]]>
            </line>
            <line>
              <![CDATA[Clicked successfully on WebElement: "//input[@id='btnSearch']"<br />]]>
            </line>
            <line>
              <![CDATA[Waiting for bigLoader to appear<br />]]>
            </line>
            <line>
              <![CDATA[waitUntilElementIsVisible: For element with xpath "//div[@id='ajaxBusy']"<br />]]>
            </line>
            <line>
              <![CDATA[Waiting for bigLoader to disappear<br />]]>
            </line>
            <line>
              <![CDATA[waitUntilElementNotVisible: For element with xpath "//div[@id='ajaxBusy']"<br />]]>
            </line>
            <line>
              <![CDATA[<b style='color:blue'>Verify search popup title text contains 'CA1094395'</b><br />]]>
            </line>
            <line>
              <![CDATA[<span style='color:green'><b>Expected:</b><br />true<br /><b>Actual:</b><br />true<br /></span><br />]]>
            </line>
            <line>
              <![CDATA[Attempting to click..<br />]]>
            </line>
            <line>
              <![CDATA[Waited successfully for element with xpath: "//div[contains(@class,'orderstatuscomments')]//button[@type='button'][span[text()='Display Orders']]/span"<br />]]>
            </line>
            <line>
              <![CDATA[Clicked successfully on WebElement: "//div[contains(@class,'orderstatuscomments')]//button[@type='button'][span[text()='Display Orders']]/span"<br />]]>
            </line>
            <line>
              <![CDATA[Waiting for bigLoader to appear<br />]]>
            </line>
            <line>
              <![CDATA[waitUntilElementIsVisible: For element with xpath "//div[@id='ajaxBusy']"<br />]]>
            </line>
            <line>
              <![CDATA[Waiting for bigLoader to disappear<br />]]>
            </line>
            <line>
              <![CDATA[waitUntilElementNotVisible: For element with xpath "//div[@id='ajaxBusy']"<br />]]>
            </line>
            <line>
              <![CDATA[Waited successfully for element with xpath: "//a[@id='anchExpandCollapse'][text()='Expand All']"<br />]]>
            </line>
            <line>
              <![CDATA[Attempting to click..<br />]]>
            </line>
            <line>
              <![CDATA[Waited successfully for element with xpath: "//a[@id='anchExpandCollapse'][text()='Expand All']"<br />]]>
            </line>
            <line>
              <![CDATA[Clicked successfully on WebElement: "//a[@id='anchExpandCollapse'][text()='Expand All']"<br />]]>
            </line>
            <line>
              <![CDATA[Waiting for bigLoader to appear<br />]]>
            </line>
            <line>
              <![CDATA[waitUntilElementIsVisible: For element with xpath "//div[@id='ajaxBusy']"<br />]]>
            </line>
            <line>
              <![CDATA[Waiting for bigLoader to disappear<br />]]>
            </line>
            <line>
              <![CDATA[waitUntilElementNotVisible: For element with xpath "//div[@id='ajaxBusy']"<br />]]>
            </line>
            <line>
              <![CDATA[Waited successfully for element with xpath: "//a[@id='anchExpandCollapse'][text()='Collapse All']"<br />]]>
            </line>
            <line>
              <![CDATA[Waiting for bigLoader to appear<br />]]>
            </line>
            <line>
              <![CDATA[waitUntilElementIsVisible: For element with xpath "//div[@id='ajaxBusy']"<br />]]>
            </line>
            <line>
              <![CDATA[<div style='color:orange'><b>WARNING:</b><br />Expected condition failed: waiting for visibility of element located by By.xpath: //div[@id='ajaxBusy'] (tried for 3 second(s) with 500 milliseconds interval)
Build info: version: '4.0.0', revision: '3a21814679'
System info: host: 'DESKTOP-Q1UB2OV', ip: '192.168.203.231', os.name: 'Windows 10', os.arch: 'amd64', os.version: '10.0', java.version: '11.0.12'
Driver info: org.openqa.selenium.chrome.ChromeDriver
Capabilities {acceptInsecureCerts: false, browserName: chrome, browserVersion: 109.0.5414.120, chrome: {chromedriverVersion: 108.0.5359.71 (1e0e3868ee06..., userDataDir: C:\Users\RAGHUW~1.SHI\AppDa...}, goog:chromeOptions: {debuggerAddress: localhost:49315}, javascriptEnabled: true, networkConnectionEnabled: false, pageLoadStrategy: normal, platform: WINDOWS, platformName: WINDOWS, proxy: Proxy(), se:cdp: ws://localhost:49315/devtoo..., se:cdpVersion: 109.0.5414.120, setWindowRect: true, strictFileInteractability: false, timeouts: {implicit: 0, pageLoad: 300000, script: 30000}, unhandledPromptBehavior: dismiss and notify, webauthn:extension:credBlob: true, webauthn:extension:largeBlob: true, webauthn:virtualAuthenticators: true}
Session ID: 3698a58abff443ea89a8a936d78a2c46</div><br /><br />]]>
            </line>
            <line>
              <![CDATA[Waiting for bigLoader to disappear<br />]]>
            </line>
            <line>
              <![CDATA[waitUntilElementNotVisible: Element with xpath "//div[@id='ajaxBusy']" was already invisible.<br />]]>
            </line>
            <line>
              <![CDATA[Waited successfully for element with xpath: "//div[@id='docuimgdiv-CA1094395-042'][.//li[@class='docAttachment']]"<br />]]>
            </line>
            <line>
              <![CDATA[<b style='color:blue'>Verifying that file icon is present in the table row now</b><br />]]>
            </line>
            <line>
              <![CDATA[<span style='color:green'><b>Expected:</b><br />true<br /><b>Actual:</b><br />true<br /></span><br />]]>
            </line>
            <line>
              <![CDATA[Attempting to click..<br />]]>
            </line>
            <line>
              <![CDATA[Waited successfully for element with xpath: "//button[@id='btnSearchCriteria'][@value='RESET']"<br />]]>
            </line>
            <line>
              <![CDATA[Clicked successfully on WebElement: "//button[@id='btnSearchCriteria'][@value='RESET']"<br />]]>
            </line>
            <line>
              <![CDATA[Waiting for bigLoader to appear<br />]]>
            </line>
            <line>
              <![CDATA[waitUntilElementIsVisible: For element with xpath "//div[@id='ajaxBusy']"<br />]]>
            </line>
            <line>
              <![CDATA[Waiting for bigLoader to disappear<br />]]>
            </line>
            <line>
              <![CDATA[waitUntilElementNotVisible: For element with xpath "//div[@id='ajaxBusy']"<br />]]>
            </line>
          </reporter-output>
        </test-method> <!-- UploadDocument_SingleOrder -->
        <test-method signature="AddComment_SingleOrderLocation()[pri:0, instance:autoFW.TESTS.Compex_tests@2a7f1f10]" started-at="2023-01-27T10:19:04 IST" name="AddComment_SingleOrderLocation" finished-at="2023-01-27T10:19:57 IST" duration-ms="52771" status="PASS">
          <reporter-output>
            <line>
              <![CDATA[Waiting for bigLoader to appear<br />]]>
            </line>
            <line>
              <![CDATA[waitUntilElementIsVisible: For element with xpath "//div[@id='ajaxBusy']"<br />]]>
            </line>
            <line>
              <![CDATA[<div style='color:orange'><b>WARNING:</b><br />Expected condition failed: waiting for visibility of element located by By.xpath: //div[@id='ajaxBusy'] (tried for 3 second(s) with 500 milliseconds interval)
Build info: version: '4.0.0', revision: '3a21814679'
System info: host: 'DESKTOP-Q1UB2OV', ip: '192.168.203.231', os.name: 'Windows 10', os.arch: 'amd64', os.version: '10.0', java.version: '11.0.12'
Driver info: org.openqa.selenium.chrome.ChromeDriver
Capabilities {acceptInsecureCerts: false, browserName: chrome, browserVersion: 109.0.5414.120, chrome: {chromedriverVersion: 108.0.5359.71 (1e0e3868ee06..., userDataDir: C:\Users\RAGHUW~1.SHI\AppDa...}, goog:chromeOptions: {debuggerAddress: localhost:49315}, javascriptEnabled: true, networkConnectionEnabled: false, pageLoadStrategy: normal, platform: WINDOWS, platformName: WINDOWS, proxy: Proxy(), se:cdp: ws://localhost:49315/devtoo..., se:cdpVersion: 109.0.5414.120, setWindowRect: true, strictFileInteractability: false, timeouts: {implicit: 0, pageLoad: 300000, script: 30000}, unhandledPromptBehavior: dismiss and notify, webauthn:extension:credBlob: true, webauthn:extension:largeBlob: true, webauthn:virtualAuthenticators: true}
Session ID: 3698a58abff443ea89a8a936d78a2c46</div><br /><br />]]>
            </line>
            <line>
              <![CDATA[Waiting for bigLoader to disappear<br />]]>
            </line>
            <line>
              <![CDATA[waitUntilElementNotVisible: Element with xpath "//div[@id='ajaxBusy']" was already invisible.<br />]]>
            </line>
            <line>
              <![CDATA[Waited successfully for element with xpath: "//a[@id='anchExpandCollapse'][text()='Expand All']"<br />]]>
            </line>
            <line>
              <![CDATA[Attempting to click..<br />]]>
            </line>
            <line>
              <![CDATA[Waited successfully for element with xpath: "//a[@id='anchExpandCollapse'][text()='Expand All']"<br />]]>
            </line>
            <line>
              <![CDATA[Clicked successfully on WebElement: "//a[@id='anchExpandCollapse'][text()='Expand All']"<br />]]>
            </line>
            <line>
              <![CDATA[Waiting for bigLoader to appear<br />]]>
            </line>
            <line>
              <![CDATA[waitUntilElementIsVisible: For element with xpath "//div[@id='ajaxBusy']"<br />]]>
            </line>
            <line>
              <![CDATA[Waiting for bigLoader to disappear<br />]]>
            </line>
            <line>
              <![CDATA[waitUntilElementNotVisible: For element with xpath "//div[@id='ajaxBusy']"<br />]]>
            </line>
            <line>
              <![CDATA[Waited successfully for element with xpath: "//a[@id='anchExpandCollapse'][text()='Collapse All']"<br />]]>
            </line>
            <line>
              <![CDATA[Waited successfully for element with xpath: "//input[starts-with(@name,'chkChild_')]"<br />]]>
            </line>
            <line>
              <![CDATA[<span style='color:blue'><b>Accessing order --> location : CA1094395 --> 001</b></span><br />]]>
            </line>
            <line>
              <![CDATA[Attempting to click..<br />]]>
            </line>
            <line>
              <![CDATA[Waited successfully for element with xpath: "//input[starts-with(@name,'chkChild_')]"<br />]]>
            </line>
            <line>
              <![CDATA[Clicked successfully on WebElement: "//input[starts-with(@name,'chkChild_')]"<br />]]>
            </line>
            <line>
              <![CDATA[Attempting to click..<br />]]>
            </line>
            <line>
              <![CDATA[Waited successfully for element with xpath: "//li[@id='addCommentOrderLI']"<br />]]>
            </line>
            <line>
              <![CDATA[Clicked successfully on WebElement: "//li[@id='addCommentOrderLI']"<br />]]>
            </line>
            <line>
              <![CDATA[Waiting for bigLoader to appear<br />]]>
            </line>
            <line>
              <![CDATA[waitUntilElementIsVisible: For element with xpath "//div[@id='ajaxBusy']"<br />]]>
            </line>
            <line>
              <![CDATA[Waiting for bigLoader to disappear<br />]]>
            </line>
            <line>
              <![CDATA[waitUntilElementNotVisible: For element with xpath "//div[@id='ajaxBusy']"<br />]]>
            </line>
            <line>
              <![CDATA[Attempting to type..<br />]]>
            </line>
            <line>
              <![CDATA[Waited successfully for element with xpath: "//div[@class='notesContainer']/textarea"<br />]]>
            </line>
            <line>
              <![CDATA[Typed successfully into WebElement: "//div[@class='notesContainer']/textarea", content: "Automation comment on 20230127101941"<br />]]>
            </line>
            <line>
              <![CDATA[Attempting to click..<br />]]>
            </line>
            <line>
              <![CDATA[Waited successfully for element with xpath: "//div[@class='notesContainer']/following::button"<br />]]>
            </line>
            <line>
              <![CDATA[Clicked successfully on WebElement: "//div[@class='notesContainer']/following::button"<br />]]>
            </line>
            <line>
              <![CDATA[Waiting for bigLoader to appear<br />]]>
            </line>
            <line>
              <![CDATA[waitUntilElementIsVisible: For element with xpath "//div[@id='ajaxBusy']"<br />]]>
            </line>
            <line>
              <![CDATA[Waiting for bigLoader to disappear<br />]]>
            </line>
            <line>
              <![CDATA[waitUntilElementNotVisible: For element with xpath "//div[@id='ajaxBusy']"<br />]]>
            </line>
            <line>
              <![CDATA[Waited successfully for element with xpath: "//div[@class='successResult']"<br />]]>
            </line>
            <line>
              <![CDATA[<b style='color:blue'>Verifying success message "Comments added successfully" after adding comment</b><br />]]>
            </line>
            <line>
              <![CDATA[<span style='color:green'><b>Expected:</b><br />true<br /><b>Actual:</b><br />true<br /></span><br />]]>
            </line>
            <line>
              <![CDATA[Waited successfully for element with xpath: "//table[@id='status_note_table']//span[@id='status_comment']"<br />]]>
            </line>
            <line>
              <![CDATA[<b style='color:blue'>Verifying comment "[Super Admin] Automation comment on 20230127101941" is present in table</b><br />]]>
            </line>
            <line>
              <![CDATA[<span style='color:green'><b>Expected:</b><br />true<br /><b>Actual:</b><br />true<br /></span><br />]]>
            </line>
            <line>
              <![CDATA[Attempting to click..<br />]]>
            </line>
            <line>
              <![CDATA[Waited successfully for element with xpath: "//div[@class='closePopUp']/a"<br />]]>
            </line>
            <line>
              <![CDATA[Clicked successfully on WebElement: "//div[@class='closePopUp']/a"<br />]]>
            </line>
          </reporter-output>
        </test-method> <!-- AddComment_SingleOrderLocation -->
        <test-method signature="Logout()[pri:0, instance:autoFW.TESTS.Compex_tests@2a7f1f10]" started-at="2023-01-27T10:19:57 IST" name="Logout" finished-at="2023-01-27T10:20:14 IST" duration-ms="17058" status="PASS">
          <reporter-output>
            <line>
              <![CDATA[Waiting for bigLoader to appear<br />]]>
            </line>
            <line>
              <![CDATA[waitUntilElementIsVisible: For element with xpath "//div[@id='ajaxBusy']"<br />]]>
            </line>
            <line>
              <![CDATA[Waiting for bigLoader to disappear<br />]]>
            </line>
            <line>
              <![CDATA[waitUntilElementNotVisible: For element with xpath "//div[@id='ajaxBusy']"<br />]]>
            </line>
            <line>
              <![CDATA[Attempting to click..<br />]]>
            </line>
            <line>
              <![CDATA[Waited successfully for element with xpath: "//a[text()='Logout']"<br />]]>
            </line>
            <line>
              <![CDATA[Clicked successfully on WebElement: "//a[text()='Logout']"<br />]]>
            </line>
            <line>
              <![CDATA[Waited successfully for element with xpath: "//a[(text()='Login') and (contains(@class, 'subnav-button'))]"<br />]]>
            </line>
            <line>
              <![CDATA[Logged out successfully.<br />]]>
            </line>
          </reporter-output>
        </test-method> <!-- Logout -->
      </class> <!-- autoFW.TESTS.Compex_tests -->
      <class name="autoFW.TESTS.Cleanup">
        <test-method signature="CleanupTest()[pri:0, instance:autoFW.TESTS.Cleanup@46cdf8bd]" started-at="2023-01-27T10:20:14 IST" name="CleanupTest" finished-at="2023-01-27T10:20:15 IST" duration-ms="1352" status="PASS">
          <reporter-output>
          </reporter-output>
        </test-method> <!-- CleanupTest -->
      </class> <!-- autoFW.TESTS.Cleanup -->
      <class name="autoFW.TESTS.Setup">
        <test-method signature="Init()[pri:0, instance:autoFW.TESTS.Setup@29215f06]" started-at="2023-01-27T10:09:21 IST" name="Init" finished-at="2023-01-27T10:09:29 IST" duration-ms="7973" status="PASS">
          <reporter-output>
          </reporter-output>
        </test-method> <!-- Init -->
      </class> <!-- autoFW.TESTS.Setup -->
    </test> <!-- Compex_TestsList01 -->
  </suite> <!-- Compex_TestSuite -->
</testng-results>
